
DEBUG 2017-02-08 10:04:40,424 logging2db only got 3 values from tempsensors
DEBUG 2017-02-08 11:13:10,097 logging2db only got 3 values from tempsensors
CRITICAL 2017-02-08 11:59:20,856 test EXITING TEST SCRIPT
CRITICAL 2017-02-08 11:59:21,979 test EXITING TEST SCRIPT
DEBUG 2017-02-08 12:03:01,332 logging2db only got 3 values from tempsensors
DEBUG 2017-02-08 14:08:07,784 logging2db only got 3 values from tempsensors
DEBUG 2017-02-08 14:25:46,098 logging2db only got 3 values from tempsensors
DEBUG 2017-02-08 14:55:36,374 logging2db only got 3 values from tempsensors
DEBUG 2017-02-08 15:30:33,711 logging2db only got 3 values from tempsensors
DEBUG 2017-02-08 15:42:47,272 logging2db only got 3 values from tempsensors
DEBUG 2017-02-08 15:51:32,397 logging2db only got 3 values from tempsensors
DEBUG 2017-02-08 16:20:22,298 logging2db only got 3 values from tempsensors
DEBUG 2017-02-08 16:27:35,261 logging2db only got 3 values from tempsensors
DEBUG 2017-02-08 16:32:44,201 logging2db only got 3 values from tempsensors
DEBUG 2017-02-08 16:37:54,943 logging2db only got 3 values from tempsensors
DEBUG 2017-02-08 17:01:48,147 logging2db only got 3 values from tempsensors
DEBUG 2017-02-08 17:11:05,448 logging2db only got 3 values from tempsensors
DEBUG 2017-02-08 17:34:39,183 logging2db only got 3 values from tempsensors
DEBUG 2017-02-08 18:11:58,132 logging2db only got 3 values from tempsensors
DEBUG 2017-02-08 18:13:36,351 logging2db only got 3 values from tempsensors
DEBUG 2017-02-08 18:19:19,032 logging2db only got 3 values from tempsensors
DEBUG 2017-02-08 18:29:00,493 logging2db only got 3 values from tempsensors
DEBUG 2017-02-08 18:43:36,451 logging2db only got 3 values from tempsensors
DEBUG 2017-02-08 18:50:41,485 logging2db only got 3 values from tempsensors
DEBUG 2017-02-08 19:00:40,986 logging2db only got 3 values from tempsensors
DEBUG 2017-02-08 19:34:07,932 logging2db only got 3 values from tempsensors
DEBUG 2017-02-08 20:13:01,688 logging2db only got 3 values from tempsensors
DEBUG 2017-02-08 20:20:32,666 logging2db only got 3 values from tempsensors
DEBUG 2017-02-08 20:32:58,755 logging2db only got 3 values from tempsensors
DEBUG 2017-02-08 21:07:22,108 logging2db only got 3 values from tempsensors
DEBUG 2017-02-08 21:08:40,240 logging2db only got 3 values from tempsensors
DEBUG 2017-02-08 21:29:41,347 logging2db only got 3 values from tempsensors
DEBUG 2017-02-08 21:32:15,976 logging2db only got 3 values from tempsensors
DEBUG 2017-02-08 21:40:43,347 logging2db only got 3 values from tempsensors
DEBUG 2017-02-08 21:45:19,991 logging2db only got 3 values from tempsensors
DEBUG 2017-02-08 21:53:43,300 logging2db only got 3 values from tempsensors
DEBUG 2017-02-08 21:54:11,374 logging2db only got 3 values from tempsensors
DEBUG 2017-02-08 22:12:46,244 logging2db only got 3 values from tempsensors
DEBUG 2017-02-08 22:49:15,375 logging2db only got 3 values from tempsensors
DEBUG 2017-02-08 23:29:05,008 logging2db only got 3 values from tempsensors
DEBUG 2017-02-08 23:31:13,501 logging2db only got 3 values from tempsensors
DEBUG 2017-02-08 23:36:54,314 logging2db only got 3 values from tempsensors
DEBUG 2017-02-08 23:52:06,712 logging2db only got 3 values from tempsensors
DEBUG 2017-02-09 00:30:50,142 logging2db only got 3 values from tempsensors
DEBUG 2017-02-09 00:49:30,897 logging2db only got 3 values from tempsensors
DEBUG 2017-02-09 00:50:23,016 logging2db only got 3 values from tempsensors
DEBUG 2017-02-09 01:12:48,399 logging2db only got 3 values from tempsensors
DEBUG 2017-02-09 01:23:05,750 logging2db only got 3 values from tempsensors
DEBUG 2017-02-09 02:02:47,169 logging2db only got 3 values from tempsensors
DEBUG 2017-02-09 02:13:46,556 logging2db only got 3 values from tempsensors
DEBUG 2017-02-09 02:22:01,649 logging2db only got 3 values from tempsensors
DEBUG 2017-02-09 03:03:27,932 logging2db only got 3 values from tempsensors
DEBUG 2017-02-09 03:48:51,953 logging2db only got 3 values from tempsensors
DEBUG 2017-02-09 05:03:01,342 logging2db only got 3 values from tempsensors
DEBUG 2017-02-09 05:03:07,382 logging2db only got 3 values from tempsensors
DEBUG 2017-02-09 05:04:39,885 logging2db only got 3 values from tempsensors
DEBUG 2017-02-09 05:26:07,150 logging2db only got 3 values from tempsensors
DEBUG 2017-02-09 05:28:05,669 logging2db only got 3 values from tempsensors
DEBUG 2017-02-09 05:33:26,713 logging2db only got 3 values from tempsensors
DEBUG 2017-02-09 06:13:28,450 logging2db only got 3 values from tempsensors
DEBUG 2017-02-09 06:30:50,681 logging2db only got 3 values from tempsensors
DEBUG 2017-02-09 06:36:31,698 logging2db only got 3 values from tempsensors
DEBUG 2017-02-09 06:53:26,389 logging2db only got 3 values from tempsensors
DEBUG 2017-02-09 07:14:09,812 logging2db only got 3 values from tempsensors
DEBUG 2017-02-09 07:24:57,382 logging2db only got 3 values from tempsensors
DEBUG 2017-02-09 07:41:30,004 logging2db only got 3 values from tempsensors
DEBUG 2017-02-09 08:00:38,761 logging2db only got 3 values from tempsensors
DEBUG 2017-02-09 08:10:44,300 logging2db only got 3 values from tempsensors
DEBUG 2017-02-09 08:15:53,123 logging2db only got 3 values from tempsensors
DEBUG 2017-02-09 08:27:14,521 logging2db only got 3 values from tempsensors
DEBUG 2017-02-09 08:31:53,169 logging2db only got 3 values from tempsensors
DEBUG 2017-02-09 08:47:37,662 logging2db only got 3 values from tempsensors
DEBUG 2017-02-09 09:08:12,978 logging2db only got 3 values from tempsensors
DEBUG 2017-02-09 09:18:08,542 logging2db only got 3 values from tempsensors
DEBUG 2017-02-09 09:34:17,460 logging2db only got 3 values from tempsensors
DEBUG 2017-02-09 09:43:00,993 logging2db only got 3 values from tempsensors
DEBUG 2017-02-09 09:43:05,027 logging2db only got 3 values from tempsensors
DEBUG 2017-02-09 09:50:54,062 logging2db only got 3 values from tempsensors
DEBUG 2017-02-09 09:57:51,021 logging2db only got 3 values from tempsensors
DEBUG 2017-02-09 10:06:34,164 logging2db only got 3 values from tempsensors
DEBUG 2017-02-09 10:17:51,842 logging2db only got 3 values from tempsensors
DEBUG 2017-02-09 10:29:43,725 logging2db only got 3 values from tempsensors
DEBUG 2017-02-09 10:45:32,003 logging2db only got 3 values from tempsensors
DEBUG 2017-02-09 10:45:43,956 logging2db only got 3 values from tempsensors
DEBUG 2017-02-09 10:49:50,560 logging2db only got 3 values from tempsensors
DEBUG 2017-02-09 10:55:05,821 logging2db only got 3 values from tempsensors
DEBUG 2017-02-09 11:00:58,739 logging2db only got 3 values from tempsensors
DEBUG 2017-02-09 11:14:02,914 logging2db only got 3 values from tempsensors
DEBUG 2017-02-09 11:41:53,695 logging2db only got 3 values from tempsensors
DEBUG 2017-02-09 11:58:54,494 logging2db only got 3 values from tempsensors
DEBUG 2017-02-09 12:03:49,141 logging2db only got 3 values from tempsensors
DEBUG 2017-02-09 12:06:27,517 logging2db only got 3 values from tempsensors
DEBUG 2017-02-09 12:18:11,218 logging2db only got 3 values from tempsensors
DEBUG 2017-02-09 12:20:19,458 logging2db only got 3 values from tempsensors
CRITICAL 2017-02-09 12:45:33,744 test EXITING TEST SCRIPT
CRITICAL 2017-02-09 12:45:54,305 app EXITING SYSTEM
DEBUG 2017-02-09 12:45:55,871 app FOUND PYTHON PROCESS WITH ID: 23277 IN SIGNAL HANDLER OF APP.PY
DEBUG 2017-02-09 12:45:55,872 app Content of process.cmdline(): ['python', '-m', 'SimpleHTTPServer']
DEBUG 2017-02-09 12:45:55,873 app FOUND PYTHON PROCESS WITH ID: 9918 IN SIGNAL HANDLER OF APP.PY
DEBUG 2017-02-09 12:45:55,873 app Content of process.cmdline(): ['python', 'app.py']
CRITICAL 2017-02-09 12:46:05,178 logging2db EXITING LOGGING2DB
CRITICAL 2017-02-09 12:54:03,424 test EXITING TEST SCRIPT
CRITICAL 2017-02-09 12:54:08,860 test EXITING TEST SCRIPT
CRITICAL 2017-02-09 13:01:08,883 test EXITING TEST SCRIPT
CRITICAL 2017-02-09 13:01:09,281 test EXITING TEST SCRIPT
DEBUG 2017-02-09 13:05:26,292 logging2db only got 3 values from tempsensors
DEBUG 2017-02-09 14:25:35,463 logging2db only got 3 values from tempsensors
DEBUG 2017-02-09 14:41:05,304 logging2db only got 3 values from tempsensors
CRITICAL 2017-02-09 15:16:00,836 test EXITING TEST SCRIPT
CRITICAL 2017-02-09 15:16:02,300 test EXITING TEST SCRIPT
CRITICAL 2017-02-09 15:17:37,928 test EXITING TEST SCRIPT
CRITICAL 2017-02-09 15:17:38,421 test EXITING TEST SCRIPT
DEBUG 2017-02-09 15:43:15,213 logging2db only got 3 values from tempsensors
DEBUG 2017-02-09 16:04:50,388 logging2db only got 3 values from tempsensors
DEBUG 2017-02-09 16:46:42,583 logging2db only got 3 values from tempsensors
DEBUG 2017-02-09 16:51:17,349 logging2db only got 3 values from tempsensors
DEBUG 2017-02-09 16:51:29,413 logging2db only got 3 values from tempsensors
DEBUG 2017-02-09 17:21:58,288 logging2db only got 3 values from tempsensors
DEBUG 2017-02-09 17:30:11,752 logging2db only got 3 values from tempsensors
DEBUG 2017-02-09 17:41:51,717 logging2db only got 3 values from tempsensors
DEBUG 2017-02-09 17:53:09,584 logging2db only got 3 values from tempsensors
DEBUG 2017-02-09 18:14:55,030 logging2db only got 3 values from tempsensors
DEBUG 2017-02-09 18:39:42,598 logging2db only got 3 values from tempsensors
DEBUG 2017-02-09 18:51:36,205 logging2db only got 3 values from tempsensors
DEBUG 2017-02-09 19:06:16,190 logging2db only got 3 values from tempsensors
DEBUG 2017-02-09 19:15:27,663 logging2db only got 3 values from tempsensors
DEBUG 2017-02-09 19:38:58,893 logging2db only got 3 values from tempsensors
DEBUG 2017-02-09 19:40:25,070 logging2db only got 3 values from tempsensors
DEBUG 2017-02-09 19:48:40,538 logging2db only got 3 values from tempsensors
DEBUG 2017-02-09 20:00:40,452 logging2db only got 3 values from tempsensors
DEBUG 2017-02-09 20:03:26,873 logging2db only got 3 values from tempsensors
DEBUG 2017-02-09 20:25:58,676 logging2db only got 3 values from tempsensors
DEBUG 2017-02-09 21:05:39,526 logging2db only got 3 values from tempsensors
DEBUG 2017-02-09 21:39:41,585 logging2db only got 3 values from tempsensors
DEBUG 2017-02-09 22:03:34,997 logging2db only got 3 values from tempsensors
DEBUG 2017-02-09 22:18:55,082 logging2db only got 3 values from tempsensors
DEBUG 2017-02-09 22:25:27,919 logging2db only got 3 values from tempsensors
DEBUG 2017-02-09 22:32:40,860 logging2db only got 3 values from tempsensors
DEBUG 2017-02-09 22:34:39,122 logging2db only got 3 values from tempsensors
DEBUG 2017-02-09 22:37:29,734 logging2db only got 3 values from tempsensors
DEBUG 2017-02-09 22:51:15,838 logging2db only got 3 values from tempsensors
DEBUG 2017-02-09 23:31:17,583 logging2db only got 3 values from tempsensors
DEBUG 2017-02-10 00:01:50,104 logging2db only got 3 values from tempsensors
DEBUG 2017-02-10 00:07:46,888 logging2db only got 3 values from tempsensors
DEBUG 2017-02-10 00:09:49,241 logging2db only got 3 values from tempsensors
DEBUG 2017-02-10 00:33:59,248 logging2db only got 3 values from tempsensors
DEBUG 2017-02-10 00:53:30,021 logging2db only got 3 values from tempsensors
DEBUG 2017-02-10 01:16:49,277 logging2db only got 3 values from tempsensors
DEBUG 2017-02-10 01:33:23,651 logging2db only got 3 values from tempsensors
DEBUG 2017-02-10 01:38:10,307 logging2db only got 3 values from tempsensors
DEBUG 2017-02-10 02:07:34,883 logging2db only got 3 values from tempsensors
DEBUG 2017-02-10 02:10:11,439 logging2db only got 3 values from tempsensors
DEBUG 2017-02-10 02:13:07,791 logging2db only got 3 values from tempsensors
DEBUG 2017-02-10 02:18:36,496 logging2db only got 3 values from tempsensors
DEBUG 2017-02-10 02:30:01,939 logging2db only got 3 values from tempsensors
DEBUG 2017-02-10 02:30:42,095 logging2db only got 3 values from tempsensors
DEBUG 2017-02-10 02:40:53,862 logging2db only got 3 values from tempsensors
DEBUG 2017-02-10 02:59:50,706 logging2db only got 3 values from tempsensors
DEBUG 2017-02-10 03:07:01,706 logging2db only got 3 values from tempsensors
DEBUG 2017-02-10 03:25:06,384 logging2db only got 3 values from tempsensors
DEBUG 2017-02-10 03:28:50,900 logging2db only got 3 values from tempsensors
DEBUG 2017-02-10 03:40:26,534 logging2db only got 3 values from tempsensors
DEBUG 2017-02-10 03:42:18,781 logging2db only got 3 values from tempsensors
DEBUG 2017-02-10 04:01:25,338 logging2db only got 3 values from tempsensors
DEBUG 2017-02-10 04:32:52,037 logging2db only got 3 values from tempsensors
DEBUG 2017-02-10 05:09:41,566 logging2db only got 3 values from tempsensors
DEBUG 2017-02-10 06:04:47,388 logging2db only got 3 values from tempsensors
DEBUG 2017-02-10 06:38:42,823 logging2db only got 3 values from tempsensors
DEBUG 2017-02-10 07:04:54,588 logging2db only got 3 values from tempsensors
DEBUG 2017-02-10 07:20:48,886 logging2db only got 3 values from tempsensors
DEBUG 2017-02-10 07:26:33,591 logging2db only got 3 values from tempsensors
DEBUG 2017-02-10 07:36:07,295 logging2db only got 3 values from tempsensors
DEBUG 2017-02-10 07:41:20,031 logging2db only got 3 values from tempsensors
DEBUG 2017-02-10 07:41:52,069 logging2db only got 3 values from tempsensors
DEBUG 2017-02-10 08:40:01,102 logging2db only got 3 values from tempsensors
DEBUG 2017-02-10 08:48:28,326 logging2db only got 3 values from tempsensors
DEBUG 2017-02-10 09:18:59,412 logging2db only got 3 values from tempsensors
CRITICAL 2017-02-10 09:24:55,357 app UNDERVOLTAGE ON SLAVE MVoltage REACHED, VOLTAGE NOW IS: -3.95
DEBUG 2017-02-10 09:24:55,528 app FOUND PYTHON PROCESS WITH ID: 747
CRITICAL 2017-02-10 09:24:56,180 app UNDERVOLTAGE ON SLAVE MVoltage REACHED, VOLTAGE NOW IS: -3.95
DEBUG 2017-02-10 09:24:56,306 app FOUND PYTHON PROCESS WITH ID: 747
CRITICAL 2017-02-10 09:24:57,176 app UNDERVOLTAGE ON SLAVE MVoltage REACHED, VOLTAGE NOW IS: -3.95
DEBUG 2017-02-10 09:24:57,309 app FOUND PYTHON PROCESS WITH ID: 747
CRITICAL 2017-02-10 09:24:58,176 app UNDERVOLTAGE ON SLAVE MVoltage REACHED, VOLTAGE NOW IS: -3.95
DEBUG 2017-02-10 09:24:58,305 app FOUND PYTHON PROCESS WITH ID: 747
CRITICAL 2017-02-10 09:24:59,177 app UNDERVOLTAGE ON SLAVE MVoltage REACHED, VOLTAGE NOW IS: -3.95
DEBUG 2017-02-10 09:24:59,302 app FOUND PYTHON PROCESS WITH ID: 747
CRITICAL 2017-02-10 09:25:00,176 app UNDERVOLTAGE ON SLAVE MVoltage REACHED, VOLTAGE NOW IS: -3.95
DEBUG 2017-02-10 09:25:00,308 app FOUND PYTHON PROCESS WITH ID: 747
CRITICAL 2017-02-10 09:25:01,177 app UNDERVOLTAGE ON SLAVE MVoltage REACHED, VOLTAGE NOW IS: -3.95
DEBUG 2017-02-10 09:25:01,310 app FOUND PYTHON PROCESS WITH ID: 747
CRITICAL 2017-02-10 09:25:02,177 app UNDERVOLTAGE ON SLAVE MVoltage REACHED, VOLTAGE NOW IS: -3.95
DEBUG 2017-02-10 09:25:02,303 app FOUND PYTHON PROCESS WITH ID: 747
CRITICAL 2017-02-10 09:25:03,177 app UNDERVOLTAGE ON SLAVE MVoltage REACHED, VOLTAGE NOW IS: -3.95
DEBUG 2017-02-10 09:25:03,304 app FOUND PYTHON PROCESS WITH ID: 747
CRITICAL 2017-02-10 09:25:04,181 app UNDERVOLTAGE ON SLAVE MVoltage REACHED, VOLTAGE NOW IS: -3.95
DEBUG 2017-02-10 09:25:04,345 app FOUND PYTHON PROCESS WITH ID: 747
CRITICAL 2017-02-10 09:25:05,178 app UNDERVOLTAGE ON SLAVE MVoltage REACHED, VOLTAGE NOW IS: -3.95
DEBUG 2017-02-10 09:25:05,306 app FOUND PYTHON PROCESS WITH ID: 747
CRITICAL 2017-02-10 09:25:06,178 app UNDERVOLTAGE ON SLAVE MVoltage REACHED, VOLTAGE NOW IS: -3.95
DEBUG 2017-02-10 09:25:06,305 app FOUND PYTHON PROCESS WITH ID: 747
CRITICAL 2017-02-10 09:25:07,179 app UNDERVOLTAGE ON SLAVE MVoltage REACHED, VOLTAGE NOW IS: -3.95
DEBUG 2017-02-10 09:25:07,304 app FOUND PYTHON PROCESS WITH ID: 747
CRITICAL 2017-02-10 09:25:08,179 app UNDERVOLTAGE ON SLAVE MVoltage REACHED, VOLTAGE NOW IS: -3.95
DEBUG 2017-02-10 09:25:08,304 app FOUND PYTHON PROCESS WITH ID: 747
CRITICAL 2017-02-10 09:25:09,183 app UNDERVOLTAGE ON SLAVE MVoltage REACHED, VOLTAGE NOW IS: -3.95
DEBUG 2017-02-10 09:25:09,349 app FOUND PYTHON PROCESS WITH ID: 747
CRITICAL 2017-02-10 09:25:10,196 app UNDERVOLTAGE ON SLAVE MVoltage REACHED, VOLTAGE NOW IS: -3.95
DEBUG 2017-02-10 09:25:10,323 app FOUND PYTHON PROCESS WITH ID: 747
CRITICAL 2017-02-10 09:25:11,202 app UNDERVOLTAGE ON SLAVE MVoltage REACHED, VOLTAGE NOW IS: -3.95
DEBUG 2017-02-10 09:25:11,330 app FOUND PYTHON PROCESS WITH ID: 747
CRITICAL 2017-02-10 09:25:12,193 app UNDERVOLTAGE ON SLAVE MVoltage REACHED, VOLTAGE NOW IS: -3.95
DEBUG 2017-02-10 09:25:12,321 app FOUND PYTHON PROCESS WITH ID: 747
CRITICAL 2017-02-10 09:25:13,191 app UNDERVOLTAGE ON SLAVE MVoltage REACHED, VOLTAGE NOW IS: -3.95
DEBUG 2017-02-10 09:25:13,319 app FOUND PYTHON PROCESS WITH ID: 747
CRITICAL 2017-02-10 09:25:14,194 app UNDERVOLTAGE ON SLAVE MVoltage REACHED, VOLTAGE NOW IS: -3.95
DEBUG 2017-02-10 09:25:14,349 app FOUND PYTHON PROCESS WITH ID: 747
CRITICAL 2017-02-10 09:25:15,191 app UNDERVOLTAGE ON SLAVE MVoltage REACHED, VOLTAGE NOW IS: -3.95
DEBUG 2017-02-10 09:25:15,318 app FOUND PYTHON PROCESS WITH ID: 747
CRITICAL 2017-02-10 09:25:16,192 app UNDERVOLTAGE ON SLAVE MVoltage REACHED, VOLTAGE NOW IS: -3.95
DEBUG 2017-02-10 09:25:16,316 app FOUND PYTHON PROCESS WITH ID: 747
CRITICAL 2017-02-10 09:25:17,197 app UNDERVOLTAGE ON SLAVE MVoltage REACHED, VOLTAGE NOW IS: -3.95
DEBUG 2017-02-10 09:25:17,323 app FOUND PYTHON PROCESS WITH ID: 747
CRITICAL 2017-02-10 09:25:18,192 app UNDERVOLTAGE ON SLAVE MVoltage REACHED, VOLTAGE NOW IS: -3.95
DEBUG 2017-02-10 09:25:18,318 app FOUND PYTHON PROCESS WITH ID: 747
CRITICAL 2017-02-10 09:25:19,233 app UNDERVOLTAGE ON SLAVE MVoltage REACHED, VOLTAGE NOW IS: -3.95
DEBUG 2017-02-10 09:25:19,366 app FOUND PYTHON PROCESS WITH ID: 747
CRITICAL 2017-02-10 09:25:20,192 app UNDERVOLTAGE ON SLAVE MVoltage REACHED, VOLTAGE NOW IS: -3.95
DEBUG 2017-02-10 09:25:20,325 app FOUND PYTHON PROCESS WITH ID: 747
CRITICAL 2017-02-10 09:25:21,193 app UNDERVOLTAGE ON SLAVE MVoltage REACHED, VOLTAGE NOW IS: -3.95
DEBUG 2017-02-10 09:25:21,317 app FOUND PYTHON PROCESS WITH ID: 747
CRITICAL 2017-02-10 09:25:22,193 app UNDERVOLTAGE ON SLAVE MVoltage REACHED, VOLTAGE NOW IS: -3.95
DEBUG 2017-02-10 09:25:22,593 app FOUND PYTHON PROCESS WITH ID: 747
CRITICAL 2017-02-10 09:25:23,194 app UNDERVOLTAGE ON SLAVE MVoltage REACHED, VOLTAGE NOW IS: -3.95
DEBUG 2017-02-10 09:25:23,323 app FOUND PYTHON PROCESS WITH ID: 747
CRITICAL 2017-02-10 09:25:24,197 app UNDERVOLTAGE ON SLAVE MVoltage REACHED, VOLTAGE NOW IS: -3.95
DEBUG 2017-02-10 09:25:24,352 app FOUND PYTHON PROCESS WITH ID: 747
CRITICAL 2017-02-10 09:25:25,195 app UNDERVOLTAGE ON SLAVE MVoltage REACHED, VOLTAGE NOW IS: -3.95
DEBUG 2017-02-10 09:25:25,325 app FOUND PYTHON PROCESS WITH ID: 747
CRITICAL 2017-02-10 09:25:26,195 app UNDERVOLTAGE ON SLAVE MVoltage REACHED, VOLTAGE NOW IS: -3.95
DEBUG 2017-02-10 09:25:26,321 app FOUND PYTHON PROCESS WITH ID: 747
CRITICAL 2017-02-10 09:25:27,196 app UNDERVOLTAGE ON SLAVE MVoltage REACHED, VOLTAGE NOW IS: -3.95
DEBUG 2017-02-10 09:25:27,330 app FOUND PYTHON PROCESS WITH ID: 747
CRITICAL 2017-02-10 09:25:28,197 app UNDERVOLTAGE ON SLAVE MVoltage REACHED, VOLTAGE NOW IS: -3.95
DEBUG 2017-02-10 09:25:28,319 app FOUND PYTHON PROCESS WITH ID: 747
CRITICAL 2017-02-10 09:25:29,196 app UNDERVOLTAGE ON SLAVE MVoltage REACHED, VOLTAGE NOW IS: -3.95
DEBUG 2017-02-10 09:25:29,322 app FOUND PYTHON PROCESS WITH ID: 747
CRITICAL 2017-02-10 09:25:30,197 app UNDERVOLTAGE ON SLAVE MVoltage REACHED, VOLTAGE NOW IS: -3.95
DEBUG 2017-02-10 09:25:30,320 app FOUND PYTHON PROCESS WITH ID: 747
CRITICAL 2017-02-10 09:25:31,197 app UNDERVOLTAGE ON SLAVE MVoltage REACHED, VOLTAGE NOW IS: -3.95
DEBUG 2017-02-10 09:25:31,320 app FOUND PYTHON PROCESS WITH ID: 747
CRITICAL 2017-02-10 09:25:32,197 app UNDERVOLTAGE ON SLAVE MVoltage REACHED, VOLTAGE NOW IS: -3.95
DEBUG 2017-02-10 09:25:32,321 app FOUND PYTHON PROCESS WITH ID: 747
CRITICAL 2017-02-10 09:25:33,198 app UNDERVOLTAGE ON SLAVE MVoltage REACHED, VOLTAGE NOW IS: -3.95
DEBUG 2017-02-10 09:25:33,323 app FOUND PYTHON PROCESS WITH ID: 747
CRITICAL 2017-02-10 09:25:35,201 app UNDERVOLTAGE ON SLAVE MVoltage REACHED, VOLTAGE NOW IS: -3.95
DEBUG 2017-02-10 09:25:35,358 app FOUND PYTHON PROCESS WITH ID: 747
CRITICAL 2017-02-10 09:25:36,198 app UNDERVOLTAGE ON SLAVE MVoltage REACHED, VOLTAGE NOW IS: -3.95
DEBUG 2017-02-10 09:25:36,322 app FOUND PYTHON PROCESS WITH ID: 747
CRITICAL 2017-02-10 09:25:37,199 app UNDERVOLTAGE ON SLAVE MVoltage REACHED, VOLTAGE NOW IS: -3.95
DEBUG 2017-02-10 09:25:37,334 app FOUND PYTHON PROCESS WITH ID: 747
CRITICAL 2017-02-10 09:25:38,199 app UNDERVOLTAGE ON SLAVE MVoltage REACHED, VOLTAGE NOW IS: -3.95
DEBUG 2017-02-10 09:25:38,325 app FOUND PYTHON PROCESS WITH ID: 747
CRITICAL 2017-02-10 09:25:39,237 app UNDERVOLTAGE ON SLAVE MVoltage REACHED, VOLTAGE NOW IS: -3.95
DEBUG 2017-02-10 09:25:39,406 app FOUND PYTHON PROCESS WITH ID: 747
CRITICAL 2017-02-10 09:25:40,200 app UNDERVOLTAGE ON SLAVE MVoltage REACHED, VOLTAGE NOW IS: -3.95
DEBUG 2017-02-10 09:25:40,327 app FOUND PYTHON PROCESS WITH ID: 747
CRITICAL 2017-02-10 09:25:41,200 app UNDERVOLTAGE ON SLAVE MVoltage REACHED, VOLTAGE NOW IS: -3.95
DEBUG 2017-02-10 09:25:41,325 app FOUND PYTHON PROCESS WITH ID: 747
CRITICAL 2017-02-10 09:25:42,201 app UNDERVOLTAGE ON SLAVE MVoltage REACHED, VOLTAGE NOW IS: -3.95
DEBUG 2017-02-10 09:25:42,332 app FOUND PYTHON PROCESS WITH ID: 747
CRITICAL 2017-02-10 09:25:43,219 app UNDERVOLTAGE ON SLAVE MVoltage REACHED, VOLTAGE NOW IS: -3.95
DEBUG 2017-02-10 09:25:43,347 app FOUND PYTHON PROCESS WITH ID: 747
CRITICAL 2017-02-10 09:25:44,206 app UNDERVOLTAGE ON SLAVE MVoltage REACHED, VOLTAGE NOW IS: -3.95
DEBUG 2017-02-10 09:25:44,357 app FOUND PYTHON PROCESS WITH ID: 747
CRITICAL 2017-02-10 09:25:45,203 app UNDERVOLTAGE ON SLAVE MVoltage REACHED, VOLTAGE NOW IS: -3.95
DEBUG 2017-02-10 09:25:45,344 app FOUND PYTHON PROCESS WITH ID: 747
CRITICAL 2017-02-10 09:25:46,204 app UNDERVOLTAGE ON SLAVE MVoltage REACHED, VOLTAGE NOW IS: -3.95
DEBUG 2017-02-10 09:25:46,330 app FOUND PYTHON PROCESS WITH ID: 747
CRITICAL 2017-02-10 09:25:47,204 app UNDERVOLTAGE ON SLAVE MVoltage REACHED, VOLTAGE NOW IS: -3.95
DEBUG 2017-02-10 09:25:47,327 app FOUND PYTHON PROCESS WITH ID: 747
CRITICAL 2017-02-10 09:25:48,204 app UNDERVOLTAGE ON SLAVE MVoltage REACHED, VOLTAGE NOW IS: -3.95
DEBUG 2017-02-10 09:25:48,331 app FOUND PYTHON PROCESS WITH ID: 747
CRITICAL 2017-02-10 09:25:50,207 app UNDERVOLTAGE ON SLAVE MVoltage REACHED, VOLTAGE NOW IS: -3.95
DEBUG 2017-02-10 09:25:50,356 app FOUND PYTHON PROCESS WITH ID: 747
CRITICAL 2017-02-10 09:25:51,206 app UNDERVOLTAGE ON SLAVE MVoltage REACHED, VOLTAGE NOW IS: -3.95
DEBUG 2017-02-10 09:25:51,336 app FOUND PYTHON PROCESS WITH ID: 747
CRITICAL 2017-02-10 09:25:52,205 app UNDERVOLTAGE ON SLAVE MVoltage REACHED, VOLTAGE NOW IS: -3.95
DEBUG 2017-02-10 09:25:52,327 app FOUND PYTHON PROCESS WITH ID: 747
CRITICAL 2017-02-10 09:25:53,208 app UNDERVOLTAGE ON SLAVE MVoltage REACHED, VOLTAGE NOW IS: -3.95
DEBUG 2017-02-10 09:25:53,341 app FOUND PYTHON PROCESS WITH ID: 747
CRITICAL 2017-02-10 09:25:55,210 app UNDERVOLTAGE ON SLAVE MVoltage REACHED, VOLTAGE NOW IS: -3.95
DEBUG 2017-02-10 09:25:55,364 app FOUND PYTHON PROCESS WITH ID: 747
CRITICAL 2017-02-10 09:25:56,206 app UNDERVOLTAGE ON SLAVE MVoltage REACHED, VOLTAGE NOW IS: -3.95
DEBUG 2017-02-10 09:25:56,336 app FOUND PYTHON PROCESS WITH ID: 747
CRITICAL 2017-02-10 09:25:57,213 app UNDERVOLTAGE ON SLAVE MVoltage REACHED, VOLTAGE NOW IS: -3.95
DEBUG 2017-02-10 09:25:57,342 app FOUND PYTHON PROCESS WITH ID: 747
CRITICAL 2017-02-10 09:25:58,207 app UNDERVOLTAGE ON SLAVE MVoltage REACHED, VOLTAGE NOW IS: -3.95
DEBUG 2017-02-10 09:25:58,334 app FOUND PYTHON PROCESS WITH ID: 747
CRITICAL 2017-02-10 09:25:59,211 app UNDERVOLTAGE ON SLAVE MVoltage REACHED, VOLTAGE NOW IS: -3.95
DEBUG 2017-02-10 09:25:59,367 app FOUND PYTHON PROCESS WITH ID: 747
CRITICAL 2017-02-10 09:26:00,208 app UNDERVOLTAGE ON SLAVE MVoltage REACHED, VOLTAGE NOW IS: -3.95
DEBUG 2017-02-10 09:26:00,336 app FOUND PYTHON PROCESS WITH ID: 747
CRITICAL 2017-02-10 09:26:01,227 app UNDERVOLTAGE ON SLAVE MVoltage REACHED, VOLTAGE NOW IS: -3.95
DEBUG 2017-02-10 09:26:01,352 app FOUND PYTHON PROCESS WITH ID: 747
CRITICAL 2017-02-10 09:26:02,208 app UNDERVOLTAGE ON SLAVE MVoltage REACHED, VOLTAGE NOW IS: -3.95
DEBUG 2017-02-10 09:26:02,333 app FOUND PYTHON PROCESS WITH ID: 747
CRITICAL 2017-02-10 09:26:03,228 app UNDERVOLTAGE ON SLAVE MVoltage REACHED, VOLTAGE NOW IS: -3.95
DEBUG 2017-02-10 09:26:03,357 app FOUND PYTHON PROCESS WITH ID: 747
CRITICAL 2017-02-10 09:26:04,265 app UNDERVOLTAGE ON SLAVE MVoltage REACHED, VOLTAGE NOW IS: -3.95
DEBUG 2017-02-10 09:26:04,427 app FOUND PYTHON PROCESS WITH ID: 747
CRITICAL 2017-02-10 09:26:05,950 app UNDERVOLTAGE ON SLAVE MVoltage REACHED, VOLTAGE NOW IS: -3.95
DEBUG 2017-02-10 09:26:06,109 app FOUND PYTHON PROCESS WITH ID: 747
CRITICAL 2017-02-10 09:26:06,210 app UNDERVOLTAGE ON SLAVE MVoltage REACHED, VOLTAGE NOW IS: -3.95
DEBUG 2017-02-10 09:26:06,337 app FOUND PYTHON PROCESS WITH ID: 747
CRITICAL 2017-02-10 09:26:07,210 app UNDERVOLTAGE ON SLAVE MVoltage REACHED, VOLTAGE NOW IS: -3.95
DEBUG 2017-02-10 09:26:07,332 app FOUND PYTHON PROCESS WITH ID: 747
CRITICAL 2017-02-10 09:26:08,211 app UNDERVOLTAGE ON SLAVE MVoltage REACHED, VOLTAGE NOW IS: -3.95
DEBUG 2017-02-10 09:26:08,344 app FOUND PYTHON PROCESS WITH ID: 747
CRITICAL 2017-02-10 09:26:09,214 app UNDERVOLTAGE ON SLAVE MVoltage REACHED, VOLTAGE NOW IS: -3.95
DEBUG 2017-02-10 09:26:09,395 app FOUND PYTHON PROCESS WITH ID: 747
CRITICAL 2017-02-10 09:26:10,211 app UNDERVOLTAGE ON SLAVE MVoltage REACHED, VOLTAGE NOW IS: -3.95
DEBUG 2017-02-10 09:26:10,349 app FOUND PYTHON PROCESS WITH ID: 747
CRITICAL 2017-02-10 09:26:11,211 app UNDERVOLTAGE ON SLAVE MVoltage REACHED, VOLTAGE NOW IS: -3.95
DEBUG 2017-02-10 09:26:11,338 app FOUND PYTHON PROCESS WITH ID: 747
CRITICAL 2017-02-10 09:26:12,212 app UNDERVOLTAGE ON SLAVE MVoltage REACHED, VOLTAGE NOW IS: -3.95
DEBUG 2017-02-10 09:26:12,359 app FOUND PYTHON PROCESS WITH ID: 747
CRITICAL 2017-02-10 09:26:13,213 app UNDERVOLTAGE ON SLAVE MVoltage REACHED, VOLTAGE NOW IS: -3.95
DEBUG 2017-02-10 09:26:13,346 app FOUND PYTHON PROCESS WITH ID: 747
CRITICAL 2017-02-10 09:26:14,215 app UNDERVOLTAGE ON SLAVE MVoltage REACHED, VOLTAGE NOW IS: -3.95
DEBUG 2017-02-10 09:26:14,399 app FOUND PYTHON PROCESS WITH ID: 747
CRITICAL 2017-02-10 09:26:15,212 app UNDERVOLTAGE ON SLAVE MVoltage REACHED, VOLTAGE NOW IS: -3.95
DEBUG 2017-02-10 09:26:15,335 app FOUND PYTHON PROCESS WITH ID: 747
CRITICAL 2017-02-10 09:26:16,213 app UNDERVOLTAGE ON SLAVE MVoltage REACHED, VOLTAGE NOW IS: -3.95
DEBUG 2017-02-10 09:26:16,341 app FOUND PYTHON PROCESS WITH ID: 747
CRITICAL 2017-02-10 09:26:17,213 app UNDERVOLTAGE ON SLAVE MVoltage REACHED, VOLTAGE NOW IS: -3.95
DEBUG 2017-02-10 09:26:17,337 app FOUND PYTHON PROCESS WITH ID: 747
CRITICAL 2017-02-10 09:26:18,213 app UNDERVOLTAGE ON SLAVE MVoltage REACHED, VOLTAGE NOW IS: -3.95
DEBUG 2017-02-10 09:26:18,353 app FOUND PYTHON PROCESS WITH ID: 747
CRITICAL 2017-02-10 09:26:19,217 app UNDERVOLTAGE ON SLAVE MVoltage REACHED, VOLTAGE NOW IS: -3.95
DEBUG 2017-02-10 09:26:19,399 app FOUND PYTHON PROCESS WITH ID: 747
CRITICAL 2017-02-10 09:26:20,214 app UNDERVOLTAGE ON SLAVE MVoltage REACHED, VOLTAGE NOW IS: -3.95
DEBUG 2017-02-10 09:26:20,340 app FOUND PYTHON PROCESS WITH ID: 747
CRITICAL 2017-02-10 09:26:21,214 app UNDERVOLTAGE ON SLAVE MVoltage REACHED, VOLTAGE NOW IS: -3.95
DEBUG 2017-02-10 09:26:21,340 app FOUND PYTHON PROCESS WITH ID: 747
CRITICAL 2017-02-10 09:26:22,215 app UNDERVOLTAGE ON SLAVE MVoltage REACHED, VOLTAGE NOW IS: -3.95
DEBUG 2017-02-10 09:26:22,503 app FOUND PYTHON PROCESS WITH ID: 747
CRITICAL 2017-02-10 09:26:23,216 app UNDERVOLTAGE ON SLAVE MVoltage REACHED, VOLTAGE NOW IS: -3.95
DEBUG 2017-02-10 09:26:23,344 app FOUND PYTHON PROCESS WITH ID: 747
CRITICAL 2017-02-10 09:26:24,215 app UNDERVOLTAGE ON SLAVE MVoltage REACHED, VOLTAGE NOW IS: -3.95
DEBUG 2017-02-10 09:26:24,364 app FOUND PYTHON PROCESS WITH ID: 747
CRITICAL 2017-02-10 09:26:25,216 app UNDERVOLTAGE ON SLAVE MVoltage REACHED, VOLTAGE NOW IS: -3.95
DEBUG 2017-02-10 09:26:25,344 app FOUND PYTHON PROCESS WITH ID: 747
CRITICAL 2017-02-10 09:26:26,216 app UNDERVOLTAGE ON SLAVE MVoltage REACHED, VOLTAGE NOW IS: -3.95
DEBUG 2017-02-10 09:26:26,349 app FOUND PYTHON PROCESS WITH ID: 747
CRITICAL 2017-02-10 09:26:27,217 app UNDERVOLTAGE ON SLAVE MVoltage REACHED, VOLTAGE NOW IS: -3.95
DEBUG 2017-02-10 09:26:27,343 app FOUND PYTHON PROCESS WITH ID: 747
CRITICAL 2017-02-10 09:26:28,218 app UNDERVOLTAGE ON SLAVE MVoltage REACHED, VOLTAGE NOW IS: -3.95
DEBUG 2017-02-10 09:26:28,370 app FOUND PYTHON PROCESS WITH ID: 747
CRITICAL 2017-02-10 09:26:29,221 app UNDERVOLTAGE ON SLAVE MVoltage REACHED, VOLTAGE NOW IS: -3.95
DEBUG 2017-02-10 09:26:29,364 app FOUND PYTHON PROCESS WITH ID: 747
CRITICAL 2017-02-10 09:26:30,218 app UNDERVOLTAGE ON SLAVE MVoltage REACHED, VOLTAGE NOW IS: -3.95
DEBUG 2017-02-10 09:26:30,345 app FOUND PYTHON PROCESS WITH ID: 747
CRITICAL 2017-02-10 09:26:31,219 app UNDERVOLTAGE ON SLAVE MVoltage REACHED, VOLTAGE NOW IS: -3.95
DEBUG 2017-02-10 09:26:31,343 app FOUND PYTHON PROCESS WITH ID: 747
CRITICAL 2017-02-10 09:26:32,219 app UNDERVOLTAGE ON SLAVE MVoltage REACHED, VOLTAGE NOW IS: -3.95
DEBUG 2017-02-10 09:26:32,349 app FOUND PYTHON PROCESS WITH ID: 747
CRITICAL 2017-02-10 09:26:33,219 app UNDERVOLTAGE ON SLAVE MVoltage REACHED, VOLTAGE NOW IS: -3.95
DEBUG 2017-02-10 09:26:33,345 app FOUND PYTHON PROCESS WITH ID: 747
CRITICAL 2017-02-10 09:26:34,223 app UNDERVOLTAGE ON SLAVE MVoltage REACHED, VOLTAGE NOW IS: -3.95
DEBUG 2017-02-10 09:26:34,352 app FOUND PYTHON PROCESS WITH ID: 747
CRITICAL 2017-02-10 09:26:35,220 app UNDERVOLTAGE ON SLAVE MVoltage REACHED, VOLTAGE NOW IS: -3.95
DEBUG 2017-02-10 09:26:35,345 app FOUND PYTHON PROCESS WITH ID: 747
CRITICAL 2017-02-10 09:26:36,220 app UNDERVOLTAGE ON SLAVE MVoltage REACHED, VOLTAGE NOW IS: -3.95
DEBUG 2017-02-10 09:26:36,355 app FOUND PYTHON PROCESS WITH ID: 747
CRITICAL 2017-02-10 09:26:37,220 app UNDERVOLTAGE ON SLAVE MVoltage REACHED, VOLTAGE NOW IS: -3.95
DEBUG 2017-02-10 09:26:37,347 app FOUND PYTHON PROCESS WITH ID: 747
CRITICAL 2017-02-10 09:26:38,221 app UNDERVOLTAGE ON SLAVE MVoltage REACHED, VOLTAGE NOW IS: -3.95
DEBUG 2017-02-10 09:26:38,356 app FOUND PYTHON PROCESS WITH ID: 747
CRITICAL 2017-02-10 09:26:39,224 app UNDERVOLTAGE ON SLAVE MVoltage REACHED, VOLTAGE NOW IS: -3.95
DEBUG 2017-02-10 09:26:39,403 app FOUND PYTHON PROCESS WITH ID: 747
CRITICAL 2017-02-10 09:26:40,222 app UNDERVOLTAGE ON SLAVE MVoltage REACHED, VOLTAGE NOW IS: -3.95
DEBUG 2017-02-10 09:26:40,354 app FOUND PYTHON PROCESS WITH ID: 747
CRITICAL 2017-02-10 09:26:41,222 app UNDERVOLTAGE ON SLAVE MVoltage REACHED, VOLTAGE NOW IS: -3.95
DEBUG 2017-02-10 09:26:41,348 app FOUND PYTHON PROCESS WITH ID: 747
CRITICAL 2017-02-10 09:26:42,222 app UNDERVOLTAGE ON SLAVE MVoltage REACHED, VOLTAGE NOW IS: -3.95
DEBUG 2017-02-10 09:26:42,355 app FOUND PYTHON PROCESS WITH ID: 747
CRITICAL 2017-02-10 09:26:43,222 app UNDERVOLTAGE ON SLAVE MVoltage REACHED, VOLTAGE NOW IS: -3.95
DEBUG 2017-02-10 09:26:43,347 app FOUND PYTHON PROCESS WITH ID: 747
CRITICAL 2017-02-10 09:26:44,226 app UNDERVOLTAGE ON SLAVE MVoltage REACHED, VOLTAGE NOW IS: -3.95
DEBUG 2017-02-10 09:26:44,407 app FOUND PYTHON PROCESS WITH ID: 747
CRITICAL 2017-02-10 09:26:45,223 app UNDERVOLTAGE ON SLAVE MVoltage REACHED, VOLTAGE NOW IS: -3.95
DEBUG 2017-02-10 09:26:45,351 app FOUND PYTHON PROCESS WITH ID: 747
CRITICAL 2017-02-10 09:26:46,223 app UNDERVOLTAGE ON SLAVE MVoltage REACHED, VOLTAGE NOW IS: -3.95
DEBUG 2017-02-10 09:26:46,355 app FOUND PYTHON PROCESS WITH ID: 747
CRITICAL 2017-02-10 09:26:47,224 app UNDERVOLTAGE ON SLAVE MVoltage REACHED, VOLTAGE NOW IS: -3.95
DEBUG 2017-02-10 09:26:47,351 app FOUND PYTHON PROCESS WITH ID: 747
CRITICAL 2017-02-10 09:26:48,224 app UNDERVOLTAGE ON SLAVE MVoltage REACHED, VOLTAGE NOW IS: -3.95
DEBUG 2017-02-10 09:26:48,351 app FOUND PYTHON PROCESS WITH ID: 747
CRITICAL 2017-02-10 09:26:49,227 app UNDERVOLTAGE ON SLAVE MVoltage REACHED, VOLTAGE NOW IS: -3.95
DEBUG 2017-02-10 09:26:49,403 app FOUND PYTHON PROCESS WITH ID: 747
CRITICAL 2017-02-10 09:26:50,224 app UNDERVOLTAGE ON SLAVE MVoltage REACHED, VOLTAGE NOW IS: -3.95
DEBUG 2017-02-10 09:26:50,348 app FOUND PYTHON PROCESS WITH ID: 747
CRITICAL 2017-02-10 09:26:51,225 app UNDERVOLTAGE ON SLAVE MVoltage REACHED, VOLTAGE NOW IS: -3.95
DEBUG 2017-02-10 09:26:51,350 app FOUND PYTHON PROCESS WITH ID: 747
CRITICAL 2017-02-10 09:26:52,225 app UNDERVOLTAGE ON SLAVE MVoltage REACHED, VOLTAGE NOW IS: -3.95
DEBUG 2017-02-10 09:26:52,357 app FOUND PYTHON PROCESS WITH ID: 747
CRITICAL 2017-02-10 09:26:53,226 app UNDERVOLTAGE ON SLAVE MVoltage REACHED, VOLTAGE NOW IS: -3.95
DEBUG 2017-02-10 09:26:53,348 app FOUND PYTHON PROCESS WITH ID: 747
CRITICAL 2017-02-10 09:26:54,229 app UNDERVOLTAGE ON SLAVE MVoltage REACHED, VOLTAGE NOW IS: -3.95
DEBUG 2017-02-10 09:26:54,411 app FOUND PYTHON PROCESS WITH ID: 747
CRITICAL 2017-02-10 09:26:55,226 app UNDERVOLTAGE ON SLAVE MVoltage REACHED, VOLTAGE NOW IS: -3.95
DEBUG 2017-02-10 09:26:55,351 app FOUND PYTHON PROCESS WITH ID: 747
CRITICAL 2017-02-10 09:26:56,226 app UNDERVOLTAGE ON SLAVE MVoltage REACHED, VOLTAGE NOW IS: -3.95
DEBUG 2017-02-10 09:26:56,351 app FOUND PYTHON PROCESS WITH ID: 747
CRITICAL 2017-02-10 09:26:57,227 app UNDERVOLTAGE ON SLAVE MVoltage REACHED, VOLTAGE NOW IS: -3.95
DEBUG 2017-02-10 09:26:57,354 app FOUND PYTHON PROCESS WITH ID: 747
CRITICAL 2017-02-10 09:26:58,228 app UNDERVOLTAGE ON SLAVE MVoltage REACHED, VOLTAGE NOW IS: -3.95
DEBUG 2017-02-10 09:26:58,355 app FOUND PYTHON PROCESS WITH ID: 747
CRITICAL 2017-02-10 09:26:59,232 app UNDERVOLTAGE ON SLAVE MVoltage REACHED, VOLTAGE NOW IS: -3.95
DEBUG 2017-02-10 09:26:59,404 app FOUND PYTHON PROCESS WITH ID: 747
CRITICAL 2017-02-10 09:27:00,229 app UNDERVOLTAGE ON SLAVE MVoltage REACHED, VOLTAGE NOW IS: -3.95
DEBUG 2017-02-10 09:27:00,359 app FOUND PYTHON PROCESS WITH ID: 747
CRITICAL 2017-02-10 09:27:01,229 app UNDERVOLTAGE ON SLAVE MVoltage REACHED, VOLTAGE NOW IS: -3.95
DEBUG 2017-02-10 09:27:01,356 app FOUND PYTHON PROCESS WITH ID: 20809
DEBUG 2017-02-10 09:27:01,357 app Sent SIGTERM to process ID: 20809
DEBUG 2017-02-10 09:27:01,859 app FOUND PYTHON PROCESS WITH ID: 747
CRITICAL 2017-02-10 09:27:02,230 app UNDERVOLTAGE ON SLAVE MVoltage REACHED, VOLTAGE NOW IS: -3.95
DEBUG 2017-02-10 09:27:02,353 app FOUND PYTHON PROCESS WITH ID: 747
CRITICAL 2017-02-10 09:27:03,230 app UNDERVOLTAGE ON SLAVE MVoltage REACHED, VOLTAGE NOW IS: -3.95
DEBUG 2017-02-10 09:27:03,357 app FOUND PYTHON PROCESS WITH ID: 747
CRITICAL 2017-02-10 09:27:04,234 app UNDERVOLTAGE ON SLAVE MVoltage REACHED, VOLTAGE NOW IS: -3.95
DEBUG 2017-02-10 09:27:04,413 app FOUND PYTHON PROCESS WITH ID: 747
CRITICAL 2017-02-10 09:27:05,230 app UNDERVOLTAGE ON SLAVE MVoltage REACHED, VOLTAGE NOW IS: -3.95
DEBUG 2017-02-10 09:27:05,355 app FOUND PYTHON PROCESS WITH ID: 747
CRITICAL 2017-02-10 09:27:06,231 app UNDERVOLTAGE ON SLAVE MVoltage REACHED, VOLTAGE NOW IS: -3.95
DEBUG 2017-02-10 09:27:06,365 app FOUND PYTHON PROCESS WITH ID: 747
CRITICAL 2017-02-10 09:27:07,232 app UNDERVOLTAGE ON SLAVE MVoltage REACHED, VOLTAGE NOW IS: -3.95
DEBUG 2017-02-10 09:27:07,362 app FOUND PYTHON PROCESS WITH ID: 747
CRITICAL 2017-02-10 09:27:08,233 app UNDERVOLTAGE ON SLAVE MVoltage REACHED, VOLTAGE NOW IS: -3.95
DEBUG 2017-02-10 09:27:08,359 app FOUND PYTHON PROCESS WITH ID: 747
CRITICAL 2017-02-10 09:27:09,236 app UNDERVOLTAGE ON SLAVE MVoltage REACHED, VOLTAGE NOW IS: -3.95
DEBUG 2017-02-10 09:27:09,406 app FOUND PYTHON PROCESS WITH ID: 747
CRITICAL 2017-02-10 09:27:10,234 app UNDERVOLTAGE ON SLAVE MVoltage REACHED, VOLTAGE NOW IS: -3.95
DEBUG 2017-02-10 09:27:10,373 app FOUND PYTHON PROCESS WITH ID: 747
CRITICAL 2017-02-10 09:27:11,233 app UNDERVOLTAGE ON SLAVE MVoltage REACHED, VOLTAGE NOW IS: -3.95
DEBUG 2017-02-10 09:27:11,361 app FOUND PYTHON PROCESS WITH ID: 747
CRITICAL 2017-02-10 09:27:12,233 app UNDERVOLTAGE ON SLAVE MVoltage REACHED, VOLTAGE NOW IS: -3.95
DEBUG 2017-02-10 09:27:12,363 app FOUND PYTHON PROCESS WITH ID: 747
CRITICAL 2017-02-10 09:27:13,234 app UNDERVOLTAGE ON SLAVE MVoltage REACHED, VOLTAGE NOW IS: -3.95
DEBUG 2017-02-10 09:27:13,358 app FOUND PYTHON PROCESS WITH ID: 747
CRITICAL 2017-02-10 09:27:14,237 app UNDERVOLTAGE ON SLAVE MVoltage REACHED, VOLTAGE NOW IS: -3.95
DEBUG 2017-02-10 09:27:14,410 app FOUND PYTHON PROCESS WITH ID: 747
CRITICAL 2017-02-10 09:27:15,234 app UNDERVOLTAGE ON SLAVE MVoltage REACHED, VOLTAGE NOW IS: -3.95
DEBUG 2017-02-10 09:27:15,357 app FOUND PYTHON PROCESS WITH ID: 747
CRITICAL 2017-02-10 09:27:16,235 app UNDERVOLTAGE ON SLAVE MVoltage REACHED, VOLTAGE NOW IS: -3.95
DEBUG 2017-02-10 09:27:16,369 app FOUND PYTHON PROCESS WITH ID: 747
CRITICAL 2017-02-10 09:27:17,235 app UNDERVOLTAGE ON SLAVE MVoltage REACHED, VOLTAGE NOW IS: -3.95
DEBUG 2017-02-10 09:27:17,359 app FOUND PYTHON PROCESS WITH ID: 747
CRITICAL 2017-02-10 09:27:18,235 app UNDERVOLTAGE ON SLAVE MVoltage REACHED, VOLTAGE NOW IS: -3.95
DEBUG 2017-02-10 09:27:18,363 app FOUND PYTHON PROCESS WITH ID: 747
CRITICAL 2017-02-10 09:27:19,239 app UNDERVOLTAGE ON SLAVE MVoltage REACHED, VOLTAGE NOW IS: -3.95
DEBUG 2017-02-10 09:27:19,407 app FOUND PYTHON PROCESS WITH ID: 747
CRITICAL 2017-02-10 09:27:20,236 app UNDERVOLTAGE ON SLAVE MVoltage REACHED, VOLTAGE NOW IS: -3.95
DEBUG 2017-02-10 09:27:20,363 app FOUND PYTHON PROCESS WITH ID: 747
CRITICAL 2017-02-10 09:27:21,236 app UNDERVOLTAGE ON SLAVE MVoltage REACHED, VOLTAGE NOW IS: -3.95
DEBUG 2017-02-10 09:27:21,363 app FOUND PYTHON PROCESS WITH ID: 20944
DEBUG 2017-02-10 09:27:21,364 app Sent SIGTERM to process ID: 20944
DEBUG 2017-02-10 09:27:21,866 app FOUND PYTHON PROCESS WITH ID: 747
CRITICAL 2017-02-10 09:27:22,237 app UNDERVOLTAGE ON SLAVE MVoltage REACHED, VOLTAGE NOW IS: -3.95
DEBUG 2017-02-10 09:27:22,365 app FOUND PYTHON PROCESS WITH ID: 747
CRITICAL 2017-02-10 09:27:23,237 app UNDERVOLTAGE ON SLAVE MVoltage REACHED, VOLTAGE NOW IS: -3.95
DEBUG 2017-02-10 09:27:23,360 app FOUND PYTHON PROCESS WITH ID: 747
CRITICAL 2017-02-10 09:27:24,240 app UNDERVOLTAGE ON SLAVE MVoltage REACHED, VOLTAGE NOW IS: -3.95
DEBUG 2017-02-10 09:27:24,410 app FOUND PYTHON PROCESS WITH ID: 747
CRITICAL 2017-02-10 09:27:25,237 app UNDERVOLTAGE ON SLAVE MVoltage REACHED, VOLTAGE NOW IS: -3.95
DEBUG 2017-02-10 09:27:25,361 app FOUND PYTHON PROCESS WITH ID: 747
CRITICAL 2017-02-10 09:27:26,238 app UNDERVOLTAGE ON SLAVE MVoltage REACHED, VOLTAGE NOW IS: -3.95
DEBUG 2017-02-10 09:27:26,367 app FOUND PYTHON PROCESS WITH ID: 20980
DEBUG 2017-02-10 09:27:26,368 app Sent SIGTERM to process ID: 20980
DEBUG 2017-02-10 09:27:26,869 app FOUND PYTHON PROCESS WITH ID: 747
CRITICAL 2017-02-10 09:27:27,238 app UNDERVOLTAGE ON SLAVE MVoltage REACHED, VOLTAGE NOW IS: -3.95
DEBUG 2017-02-10 09:27:27,361 app FOUND PYTHON PROCESS WITH ID: 747
CRITICAL 2017-02-10 09:27:28,238 app UNDERVOLTAGE ON SLAVE MVoltage REACHED, VOLTAGE NOW IS: -3.95
DEBUG 2017-02-10 09:27:28,365 app FOUND PYTHON PROCESS WITH ID: 747
CRITICAL 2017-02-10 09:27:29,239 app UNDERVOLTAGE ON SLAVE MVoltage REACHED, VOLTAGE NOW IS: -3.95
DEBUG 2017-02-10 09:27:29,363 app FOUND PYTHON PROCESS WITH ID: 20994
DEBUG 2017-02-10 09:27:29,364 app Sent SIGTERM to process ID: 20994
CRITICAL 2017-02-10 09:27:29,364 test EXITING TEST SCRIPT
DEBUG 2017-02-10 09:27:29,865 app FOUND PYTHON PROCESS WITH ID: 747
CRITICAL 2017-02-10 09:27:30,239 app UNDERVOLTAGE ON SLAVE MVoltage REACHED, VOLTAGE NOW IS: -3.95
DEBUG 2017-02-10 09:27:30,365 app FOUND PYTHON PROCESS WITH ID: 747
CRITICAL 2017-02-10 09:27:31,239 app UNDERVOLTAGE ON SLAVE MVoltage REACHED, VOLTAGE NOW IS: -3.95
DEBUG 2017-02-10 09:27:31,367 app FOUND PYTHON PROCESS WITH ID: 747
CRITICAL 2017-02-10 09:27:32,240 app UNDERVOLTAGE ON SLAVE MVoltage REACHED, VOLTAGE NOW IS: -3.95
DEBUG 2017-02-10 09:27:32,362 app FOUND PYTHON PROCESS WITH ID: 21011
DEBUG 2017-02-10 09:27:32,363 app Sent SIGTERM to process ID: 21011
CRITICAL 2017-02-10 09:27:32,363 test EXITING TEST SCRIPT
DEBUG 2017-02-10 09:27:32,864 app FOUND PYTHON PROCESS WITH ID: 747
CRITICAL 2017-02-10 09:27:33,240 app UNDERVOLTAGE ON SLAVE MVoltage REACHED, VOLTAGE NOW IS: -3.95
DEBUG 2017-02-10 09:27:33,364 app FOUND PYTHON PROCESS WITH ID: 747
CRITICAL 2017-02-10 09:27:34,243 app UNDERVOLTAGE ON SLAVE MVoltage REACHED, VOLTAGE NOW IS: -3.95
DEBUG 2017-02-10 09:27:34,412 app FOUND PYTHON PROCESS WITH ID: 747
CRITICAL 2017-02-10 09:27:35,240 app UNDERVOLTAGE ON SLAVE MVoltage REACHED, VOLTAGE NOW IS: -3.95
DEBUG 2017-02-10 09:27:35,363 app FOUND PYTHON PROCESS WITH ID: 747
CRITICAL 2017-02-10 09:27:36,241 app UNDERVOLTAGE ON SLAVE MVoltage REACHED, VOLTAGE NOW IS: -3.95
DEBUG 2017-02-10 09:27:36,369 app FOUND PYTHON PROCESS WITH ID: 747
CRITICAL 2017-02-10 09:27:37,241 app UNDERVOLTAGE ON SLAVE MVoltage REACHED, VOLTAGE NOW IS: -3.95
DEBUG 2017-02-10 09:27:37,365 app FOUND PYTHON PROCESS WITH ID: 747
CRITICAL 2017-02-10 09:27:38,241 app UNDERVOLTAGE ON SLAVE MVoltage REACHED, VOLTAGE NOW IS: -3.95
DEBUG 2017-02-10 09:27:38,368 app FOUND PYTHON PROCESS WITH ID: 747
CRITICAL 2017-02-10 09:27:39,245 app UNDERVOLTAGE ON SLAVE MVoltage REACHED, VOLTAGE NOW IS: -3.95
DEBUG 2017-02-10 09:27:39,399 app FOUND PYTHON PROCESS WITH ID: 747
CRITICAL 2017-02-10 09:27:40,242 app UNDERVOLTAGE ON SLAVE MVoltage REACHED, VOLTAGE NOW IS: -3.95
DEBUG 2017-02-10 09:27:40,365 app FOUND PYTHON PROCESS WITH ID: 747
CRITICAL 2017-02-10 09:27:41,242 app UNDERVOLTAGE ON SLAVE MVoltage REACHED, VOLTAGE NOW IS: -3.95
DEBUG 2017-02-10 09:27:41,366 app FOUND PYTHON PROCESS WITH ID: 747
CRITICAL 2017-02-10 09:27:42,243 app UNDERVOLTAGE ON SLAVE MVoltage REACHED, VOLTAGE NOW IS: -3.95
DEBUG 2017-02-10 09:27:42,372 app FOUND PYTHON PROCESS WITH ID: 747
CRITICAL 2017-02-10 09:27:43,243 app UNDERVOLTAGE ON SLAVE MVoltage REACHED, VOLTAGE NOW IS: -3.95
DEBUG 2017-02-10 09:27:43,366 app FOUND PYTHON PROCESS WITH ID: 747
CRITICAL 2017-02-10 09:27:44,246 app UNDERVOLTAGE ON SLAVE MVoltage REACHED, VOLTAGE NOW IS: -3.95
DEBUG 2017-02-10 09:27:44,403 app FOUND PYTHON PROCESS WITH ID: 747
CRITICAL 2017-02-10 09:27:45,243 app UNDERVOLTAGE ON SLAVE MVoltage REACHED, VOLTAGE NOW IS: -3.95
DEBUG 2017-02-10 09:27:45,368 app FOUND PYTHON PROCESS WITH ID: 747
CRITICAL 2017-02-10 09:27:46,244 app UNDERVOLTAGE ON SLAVE MVoltage REACHED, VOLTAGE NOW IS: -3.95
DEBUG 2017-02-10 09:27:46,371 app FOUND PYTHON PROCESS WITH ID: 21098
DEBUG 2017-02-10 09:27:46,372 app Sent SIGTERM to process ID: 21098
CRITICAL 2017-02-10 09:27:46,372 test EXITING TEST SCRIPT
DEBUG 2017-02-10 09:27:46,874 app FOUND PYTHON PROCESS WITH ID: 747
CRITICAL 2017-02-10 09:27:47,244 app UNDERVOLTAGE ON SLAVE MVoltage REACHED, VOLTAGE NOW IS: -3.95
DEBUG 2017-02-10 09:27:47,367 app FOUND PYTHON PROCESS WITH ID: 747
CRITICAL 2017-02-10 09:27:48,245 app UNDERVOLTAGE ON SLAVE MVoltage REACHED, VOLTAGE NOW IS: -3.95
DEBUG 2017-02-10 09:27:48,373 app FOUND PYTHON PROCESS WITH ID: 747
CRITICAL 2017-02-10 09:27:49,248 app UNDERVOLTAGE ON SLAVE MVoltage REACHED, VOLTAGE NOW IS: -3.95
DEBUG 2017-02-10 09:27:49,414 app FOUND PYTHON PROCESS WITH ID: 747
CRITICAL 2017-02-10 09:27:50,245 app UNDERVOLTAGE ON SLAVE MVoltage REACHED, VOLTAGE NOW IS: -3.95
DEBUG 2017-02-10 09:27:50,370 app FOUND PYTHON PROCESS WITH ID: 747
CRITICAL 2017-02-10 09:27:51,245 app UNDERVOLTAGE ON SLAVE MVoltage REACHED, VOLTAGE NOW IS: -3.95
DEBUG 2017-02-10 09:27:51,371 app FOUND PYTHON PROCESS WITH ID: 747
CRITICAL 2017-02-10 09:27:52,246 app UNDERVOLTAGE ON SLAVE MVoltage REACHED, VOLTAGE NOW IS: -3.95
DEBUG 2017-02-10 09:27:52,374 app FOUND PYTHON PROCESS WITH ID: 747
CRITICAL 2017-02-10 09:27:53,246 app UNDERVOLTAGE ON SLAVE MVoltage REACHED, VOLTAGE NOW IS: -3.95
DEBUG 2017-02-10 09:27:53,371 app FOUND PYTHON PROCESS WITH ID: 747
CRITICAL 2017-02-10 09:27:54,250 app UNDERVOLTAGE ON SLAVE MVoltage REACHED, VOLTAGE NOW IS: -3.95
DEBUG 2017-02-10 09:27:54,404 app FOUND PYTHON PROCESS WITH ID: 747
CRITICAL 2017-02-10 09:27:55,246 app UNDERVOLTAGE ON SLAVE MVoltage REACHED, VOLTAGE NOW IS: -3.95
DEBUG 2017-02-10 09:27:55,372 app FOUND PYTHON PROCESS WITH ID: 747
CRITICAL 2017-02-10 09:27:56,247 app UNDERVOLTAGE ON SLAVE MVoltage REACHED, VOLTAGE NOW IS: -3.95
DEBUG 2017-02-10 09:27:56,376 app FOUND PYTHON PROCESS WITH ID: 747
CRITICAL 2017-02-10 09:27:57,248 app UNDERVOLTAGE ON SLAVE MVoltage REACHED, VOLTAGE NOW IS: -3.95
DEBUG 2017-02-10 09:27:57,375 app FOUND PYTHON PROCESS WITH ID: 747
CRITICAL 2017-02-10 09:27:58,249 app UNDERVOLTAGE ON SLAVE MVoltage REACHED, VOLTAGE NOW IS: -3.95
DEBUG 2017-02-10 09:27:58,377 app FOUND PYTHON PROCESS WITH ID: 747
CRITICAL 2017-02-10 09:27:59,252 app UNDERVOLTAGE ON SLAVE MVoltage REACHED, VOLTAGE NOW IS: -3.95
DEBUG 2017-02-10 09:27:59,405 app FOUND PYTHON PROCESS WITH ID: 747
CRITICAL 2017-02-10 09:28:00,249 app UNDERVOLTAGE ON SLAVE MVoltage REACHED, VOLTAGE NOW IS: -3.95
DEBUG 2017-02-10 09:28:00,371 app FOUND PYTHON PROCESS WITH ID: 747
CRITICAL 2017-02-10 09:28:01,249 app UNDERVOLTAGE ON SLAVE MVoltage REACHED, VOLTAGE NOW IS: -3.95
DEBUG 2017-02-10 09:28:01,380 app FOUND PYTHON PROCESS WITH ID: 747
CRITICAL 2017-02-10 09:28:02,250 app UNDERVOLTAGE ON SLAVE MVoltage REACHED, VOLTAGE NOW IS: -3.95
DEBUG 2017-02-10 09:28:02,378 app FOUND PYTHON PROCESS WITH ID: 747
CRITICAL 2017-02-10 09:28:03,250 app UNDERVOLTAGE ON SLAVE MVoltage REACHED, VOLTAGE NOW IS: -3.95
DEBUG 2017-02-10 09:28:03,378 app FOUND PYTHON PROCESS WITH ID: 747
CRITICAL 2017-02-10 09:28:04,254 app UNDERVOLTAGE ON SLAVE MVoltage REACHED, VOLTAGE NOW IS: -3.95
DEBUG 2017-02-10 09:28:04,424 app FOUND PYTHON PROCESS WITH ID: 747
CRITICAL 2017-02-10 09:28:05,250 app UNDERVOLTAGE ON SLAVE MVoltage REACHED, VOLTAGE NOW IS: -3.95
DEBUG 2017-02-10 09:28:05,379 app FOUND PYTHON PROCESS WITH ID: 747
CRITICAL 2017-02-10 09:28:06,251 app UNDERVOLTAGE ON SLAVE MVoltage REACHED, VOLTAGE NOW IS: -3.95
DEBUG 2017-02-10 09:28:06,379 app FOUND PYTHON PROCESS WITH ID: 747
CRITICAL 2017-02-10 09:28:07,251 app UNDERVOLTAGE ON SLAVE MVoltage REACHED, VOLTAGE NOW IS: -3.95
DEBUG 2017-02-10 09:28:07,379 app FOUND PYTHON PROCESS WITH ID: 747
CRITICAL 2017-02-10 09:28:08,252 app UNDERVOLTAGE ON SLAVE MVoltage REACHED, VOLTAGE NOW IS: -3.95
DEBUG 2017-02-10 09:28:08,380 app FOUND PYTHON PROCESS WITH ID: 747
CRITICAL 2017-02-10 09:28:09,256 app UNDERVOLTAGE ON SLAVE MVoltage REACHED, VOLTAGE NOW IS: -3.95
DEBUG 2017-02-10 09:28:09,419 app FOUND PYTHON PROCESS WITH ID: 747
CRITICAL 2017-02-10 09:28:10,252 app UNDERVOLTAGE ON SLAVE MVoltage REACHED, VOLTAGE NOW IS: -3.95
DEBUG 2017-02-10 09:28:10,377 app FOUND PYTHON PROCESS WITH ID: 747
CRITICAL 2017-02-10 09:28:11,253 app UNDERVOLTAGE ON SLAVE MVoltage REACHED, VOLTAGE NOW IS: -3.95
DEBUG 2017-02-10 09:28:11,381 app FOUND PYTHON PROCESS WITH ID: 747
CRITICAL 2017-02-10 09:28:12,253 app UNDERVOLTAGE ON SLAVE MVoltage REACHED, VOLTAGE NOW IS: -3.95
DEBUG 2017-02-10 09:28:12,377 app FOUND PYTHON PROCESS WITH ID: 747
CRITICAL 2017-02-10 09:28:13,253 app UNDERVOLTAGE ON SLAVE MVoltage REACHED, VOLTAGE NOW IS: -3.95
DEBUG 2017-02-10 09:28:13,382 app FOUND PYTHON PROCESS WITH ID: 747
CRITICAL 2017-02-10 09:28:14,258 app UNDERVOLTAGE ON SLAVE MVoltage REACHED, VOLTAGE NOW IS: -3.95
DEBUG 2017-02-10 09:28:14,429 app FOUND PYTHON PROCESS WITH ID: 747
CRITICAL 2017-02-10 09:28:15,254 app UNDERVOLTAGE ON SLAVE MVoltage REACHED, VOLTAGE NOW IS: -3.95
DEBUG 2017-02-10 09:28:15,377 app FOUND PYTHON PROCESS WITH ID: 747
CRITICAL 2017-02-10 09:28:16,256 app UNDERVOLTAGE ON SLAVE MVoltage REACHED, VOLTAGE NOW IS: -3.95
DEBUG 2017-02-10 09:28:16,384 app FOUND PYTHON PROCESS WITH ID: 747
CRITICAL 2017-02-10 09:28:17,255 app UNDERVOLTAGE ON SLAVE MVoltage REACHED, VOLTAGE NOW IS: -3.95
DEBUG 2017-02-10 09:28:17,389 app FOUND PYTHON PROCESS WITH ID: 747
CRITICAL 2017-02-10 09:28:18,255 app UNDERVOLTAGE ON SLAVE MVoltage REACHED, VOLTAGE NOW IS: -3.95
DEBUG 2017-02-10 09:28:18,379 app FOUND PYTHON PROCESS WITH ID: 747
CRITICAL 2017-02-10 09:28:19,259 app UNDERVOLTAGE ON SLAVE MVoltage REACHED, VOLTAGE NOW IS: -3.95
DEBUG 2017-02-10 09:28:19,434 app FOUND PYTHON PROCESS WITH ID: 747
CRITICAL 2017-02-10 09:28:20,255 app UNDERVOLTAGE ON SLAVE MVoltage REACHED, VOLTAGE NOW IS: -3.95
DEBUG 2017-02-10 09:28:20,384 app FOUND PYTHON PROCESS WITH ID: 747
CRITICAL 2017-02-10 09:28:21,257 app UNDERVOLTAGE ON SLAVE MVoltage REACHED, VOLTAGE NOW IS: -3.95
DEBUG 2017-02-10 09:28:21,586 app FOUND PYTHON PROCESS WITH ID: 747
CRITICAL 2017-02-10 09:28:22,256 app UNDERVOLTAGE ON SLAVE MVoltage REACHED, VOLTAGE NOW IS: -3.95
DEBUG 2017-02-10 09:28:22,385 app FOUND PYTHON PROCESS WITH ID: 747
CRITICAL 2017-02-10 09:28:23,256 app UNDERVOLTAGE ON SLAVE MVoltage REACHED, VOLTAGE NOW IS: -3.95
DEBUG 2017-02-10 09:28:23,384 app FOUND PYTHON PROCESS WITH ID: 747
CRITICAL 2017-02-10 09:28:24,260 app UNDERVOLTAGE ON SLAVE MVoltage REACHED, VOLTAGE NOW IS: -3.95
DEBUG 2017-02-10 09:28:24,642 app FOUND PYTHON PROCESS WITH ID: 747
CRITICAL 2017-02-10 09:28:25,257 app UNDERVOLTAGE ON SLAVE MVoltage REACHED, VOLTAGE NOW IS: -3.95
DEBUG 2017-02-10 09:28:25,389 app FOUND PYTHON PROCESS WITH ID: 747
CRITICAL 2017-02-10 09:28:26,257 app UNDERVOLTAGE ON SLAVE MVoltage REACHED, VOLTAGE NOW IS: -3.95
DEBUG 2017-02-10 09:28:26,381 app FOUND PYTHON PROCESS WITH ID: 747
CRITICAL 2017-02-10 09:28:27,258 app UNDERVOLTAGE ON SLAVE MVoltage REACHED, VOLTAGE NOW IS: -3.95
DEBUG 2017-02-10 09:28:27,390 app FOUND PYTHON PROCESS WITH ID: 747
CRITICAL 2017-02-10 09:28:28,258 app UNDERVOLTAGE ON SLAVE MVoltage REACHED, VOLTAGE NOW IS: -3.95
DEBUG 2017-02-10 09:28:28,406 app FOUND PYTHON PROCESS WITH ID: 747
CRITICAL 2017-02-10 09:28:29,261 app UNDERVOLTAGE ON SLAVE MVoltage REACHED, VOLTAGE NOW IS: -3.95
DEBUG 2017-02-10 09:28:29,427 app FOUND PYTHON PROCESS WITH ID: 747
CRITICAL 2017-02-10 09:28:30,259 app UNDERVOLTAGE ON SLAVE MVoltage REACHED, VOLTAGE NOW IS: -3.95
DEBUG 2017-02-10 09:28:30,383 app FOUND PYTHON PROCESS WITH ID: 21378
DEBUG 2017-02-10 09:28:30,384 app Sent SIGTERM to process ID: 21378
CRITICAL 2017-02-10 09:28:30,384 test EXITING TEST SCRIPT
DEBUG 2017-02-10 09:28:30,886 app FOUND PYTHON PROCESS WITH ID: 747
CRITICAL 2017-02-10 09:28:31,259 app UNDERVOLTAGE ON SLAVE MVoltage REACHED, VOLTAGE NOW IS: -3.95
DEBUG 2017-02-10 09:28:31,388 app FOUND PYTHON PROCESS WITH ID: 747
CRITICAL 2017-02-10 09:28:32,259 app UNDERVOLTAGE ON SLAVE MVoltage REACHED, VOLTAGE NOW IS: -3.95
DEBUG 2017-02-10 09:28:32,497 app FOUND PYTHON PROCESS WITH ID: 747
CRITICAL 2017-02-10 09:28:33,260 app UNDERVOLTAGE ON SLAVE MVoltage REACHED, VOLTAGE NOW IS: -3.95
DEBUG 2017-02-10 09:28:33,383 app FOUND PYTHON PROCESS WITH ID: 747
CRITICAL 2017-02-10 09:28:34,263 app UNDERVOLTAGE ON SLAVE MVoltage REACHED, VOLTAGE NOW IS: -3.95
DEBUG 2017-02-10 09:28:34,423 app FOUND PYTHON PROCESS WITH ID: 747
CRITICAL 2017-02-10 09:28:35,260 app UNDERVOLTAGE ON SLAVE MVoltage REACHED, VOLTAGE NOW IS: -3.95
DEBUG 2017-02-10 09:28:35,383 app FOUND PYTHON PROCESS WITH ID: 747
CRITICAL 2017-02-10 09:28:36,261 app UNDERVOLTAGE ON SLAVE MVoltage REACHED, VOLTAGE NOW IS: -3.95
DEBUG 2017-02-10 09:28:36,387 app FOUND PYTHON PROCESS WITH ID: 747
CRITICAL 2017-02-10 09:28:37,261 app UNDERVOLTAGE ON SLAVE MVoltage REACHED, VOLTAGE NOW IS: -3.95
DEBUG 2017-02-10 09:28:37,388 app FOUND PYTHON PROCESS WITH ID: 747
CRITICAL 2017-02-10 09:28:38,261 app UNDERVOLTAGE ON SLAVE MVoltage REACHED, VOLTAGE NOW IS: -3.95
DEBUG 2017-02-10 09:28:38,402 app FOUND PYTHON PROCESS WITH ID: 747
CRITICAL 2017-02-10 09:28:39,265 app UNDERVOLTAGE ON SLAVE MVoltage REACHED, VOLTAGE NOW IS: -3.95
DEBUG 2017-02-10 09:28:39,417 app FOUND PYTHON PROCESS WITH ID: 747
CRITICAL 2017-02-10 09:28:40,262 app UNDERVOLTAGE ON SLAVE MVoltage REACHED, VOLTAGE NOW IS: -3.95
DEBUG 2017-02-10 09:28:40,391 app FOUND PYTHON PROCESS WITH ID: 747
CRITICAL 2017-02-10 09:28:41,262 app UNDERVOLTAGE ON SLAVE MVoltage REACHED, VOLTAGE NOW IS: -3.95
DEBUG 2017-02-10 09:28:41,386 app FOUND PYTHON PROCESS WITH ID: 747
CRITICAL 2017-02-10 09:28:42,262 app UNDERVOLTAGE ON SLAVE MVoltage REACHED, VOLTAGE NOW IS: -3.95
DEBUG 2017-02-10 09:28:42,400 app FOUND PYTHON PROCESS WITH ID: 747
CRITICAL 2017-02-10 09:28:43,263 app UNDERVOLTAGE ON SLAVE MVoltage REACHED, VOLTAGE NOW IS: -3.95
DEBUG 2017-02-10 09:28:43,387 app FOUND PYTHON PROCESS WITH ID: 747
CRITICAL 2017-02-10 09:28:44,266 app UNDERVOLTAGE ON SLAVE MVoltage REACHED, VOLTAGE NOW IS: -3.95
DEBUG 2017-02-10 09:28:44,418 app FOUND PYTHON PROCESS WITH ID: 747
CRITICAL 2017-02-10 09:28:45,263 app UNDERVOLTAGE ON SLAVE MVoltage REACHED, VOLTAGE NOW IS: -3.95
DEBUG 2017-02-10 09:28:45,391 app FOUND PYTHON PROCESS WITH ID: 747
CRITICAL 2017-02-10 09:28:46,264 app UNDERVOLTAGE ON SLAVE MVoltage REACHED, VOLTAGE NOW IS: -3.95
DEBUG 2017-02-10 09:28:46,387 app FOUND PYTHON PROCESS WITH ID: 747
CRITICAL 2017-02-10 09:28:47,264 app UNDERVOLTAGE ON SLAVE MVoltage REACHED, VOLTAGE NOW IS: -3.95
DEBUG 2017-02-10 09:28:47,390 app FOUND PYTHON PROCESS WITH ID: 747
CRITICAL 2017-02-10 09:28:48,264 app UNDERVOLTAGE ON SLAVE MVoltage REACHED, VOLTAGE NOW IS: -3.95
DEBUG 2017-02-10 09:28:48,393 app FOUND PYTHON PROCESS WITH ID: 747
CRITICAL 2017-02-10 09:28:49,268 app UNDERVOLTAGE ON SLAVE MVoltage REACHED, VOLTAGE NOW IS: -3.95
DEBUG 2017-02-10 09:28:49,428 app FOUND PYTHON PROCESS WITH ID: 747
CRITICAL 2017-02-10 09:28:50,265 app UNDERVOLTAGE ON SLAVE MVoltage REACHED, VOLTAGE NOW IS: -3.95
DEBUG 2017-02-10 09:28:50,395 app FOUND PYTHON PROCESS WITH ID: 747
CRITICAL 2017-02-10 09:28:51,265 app UNDERVOLTAGE ON SLAVE MVoltage REACHED, VOLTAGE NOW IS: -3.95
DEBUG 2017-02-10 09:28:51,392 app FOUND PYTHON PROCESS WITH ID: 747
CRITICAL 2017-02-10 09:28:52,266 app UNDERVOLTAGE ON SLAVE MVoltage REACHED, VOLTAGE NOW IS: -3.95
DEBUG 2017-02-10 09:28:52,392 app FOUND PYTHON PROCESS WITH ID: 747
CRITICAL 2017-02-10 09:28:53,267 app UNDERVOLTAGE ON SLAVE MVoltage REACHED, VOLTAGE NOW IS: -3.95
DEBUG 2017-02-10 09:28:53,395 app FOUND PYTHON PROCESS WITH ID: 747
CRITICAL 2017-02-10 09:28:54,269 app UNDERVOLTAGE ON SLAVE MVoltage REACHED, VOLTAGE NOW IS: -3.95
DEBUG 2017-02-10 09:28:54,418 app FOUND PYTHON PROCESS WITH ID: 747
CRITICAL 2017-02-10 09:28:55,267 app UNDERVOLTAGE ON SLAVE MVoltage REACHED, VOLTAGE NOW IS: -3.95
DEBUG 2017-02-10 09:28:55,394 app FOUND PYTHON PROCESS WITH ID: 747
CRITICAL 2017-02-10 09:28:56,267 app UNDERVOLTAGE ON SLAVE MVoltage REACHED, VOLTAGE NOW IS: -3.95
DEBUG 2017-02-10 09:28:56,395 app FOUND PYTHON PROCESS WITH ID: 747
CRITICAL 2017-02-10 09:28:57,267 app UNDERVOLTAGE ON SLAVE MVoltage REACHED, VOLTAGE NOW IS: -3.95
DEBUG 2017-02-10 09:28:57,391 app FOUND PYTHON PROCESS WITH ID: 747
CRITICAL 2017-02-10 09:28:58,267 app UNDERVOLTAGE ON SLAVE MVoltage REACHED, VOLTAGE NOW IS: -3.95
DEBUG 2017-02-10 09:28:58,396 app FOUND PYTHON PROCESS WITH ID: 747
CRITICAL 2017-02-10 09:28:59,271 app UNDERVOLTAGE ON SLAVE MVoltage REACHED, VOLTAGE NOW IS: -3.95
DEBUG 2017-02-10 09:28:59,427 app FOUND PYTHON PROCESS WITH ID: 747
CRITICAL 2017-02-10 09:29:00,268 app UNDERVOLTAGE ON SLAVE MVoltage REACHED, VOLTAGE NOW IS: -3.95
DEBUG 2017-02-10 09:29:00,392 app FOUND PYTHON PROCESS WITH ID: 747
CRITICAL 2017-02-10 09:29:01,270 app UNDERVOLTAGE ON SLAVE MVoltage REACHED, VOLTAGE NOW IS: -3.95
DEBUG 2017-02-10 09:29:01,391 app FOUND PYTHON PROCESS WITH ID: 747
CRITICAL 2017-02-10 09:29:02,270 app UNDERVOLTAGE ON SLAVE MVoltage REACHED, VOLTAGE NOW IS: -3.95
DEBUG 2017-02-10 09:29:02,398 app FOUND PYTHON PROCESS WITH ID: 747
CRITICAL 2017-02-10 09:29:03,270 app UNDERVOLTAGE ON SLAVE MVoltage REACHED, VOLTAGE NOW IS: -3.95
DEBUG 2017-02-10 09:29:03,397 app FOUND PYTHON PROCESS WITH ID: 747
CRITICAL 2017-02-10 09:29:04,274 app UNDERVOLTAGE ON SLAVE MVoltage REACHED, VOLTAGE NOW IS: -3.95
DEBUG 2017-02-10 09:29:04,435 app FOUND PYTHON PROCESS WITH ID: 747
CRITICAL 2017-02-10 09:29:05,271 app UNDERVOLTAGE ON SLAVE MVoltage REACHED, VOLTAGE NOW IS: -3.95
DEBUG 2017-02-10 09:29:05,397 app FOUND PYTHON PROCESS WITH ID: 747
CRITICAL 2017-02-10 09:29:06,271 app UNDERVOLTAGE ON SLAVE MVoltage REACHED, VOLTAGE NOW IS: -3.95
DEBUG 2017-02-10 09:29:06,395 app FOUND PYTHON PROCESS WITH ID: 747
CRITICAL 2017-02-10 09:29:07,271 app UNDERVOLTAGE ON SLAVE MVoltage REACHED, VOLTAGE NOW IS: -3.95
DEBUG 2017-02-10 09:29:07,398 app FOUND PYTHON PROCESS WITH ID: 747
CRITICAL 2017-02-10 09:29:08,272 app UNDERVOLTAGE ON SLAVE MVoltage REACHED, VOLTAGE NOW IS: -3.95
DEBUG 2017-02-10 09:29:08,398 app FOUND PYTHON PROCESS WITH ID: 747
CRITICAL 2017-02-10 09:29:09,276 app UNDERVOLTAGE ON SLAVE MVoltage REACHED, VOLTAGE NOW IS: -3.95
DEBUG 2017-02-10 09:29:09,429 app FOUND PYTHON PROCESS WITH ID: 747
CRITICAL 2017-02-10 09:29:10,272 app UNDERVOLTAGE ON SLAVE MVoltage REACHED, VOLTAGE NOW IS: -3.95
DEBUG 2017-02-10 09:29:10,405 app FOUND PYTHON PROCESS WITH ID: 747
CRITICAL 2017-02-10 09:29:11,273 app UNDERVOLTAGE ON SLAVE MVoltage REACHED, VOLTAGE NOW IS: -3.95
DEBUG 2017-02-10 09:29:11,397 app FOUND PYTHON PROCESS WITH ID: 747
CRITICAL 2017-02-10 09:29:12,273 app UNDERVOLTAGE ON SLAVE MVoltage REACHED, VOLTAGE NOW IS: -3.95
DEBUG 2017-02-10 09:29:12,608 app FOUND PYTHON PROCESS WITH ID: 747
CRITICAL 2017-02-10 09:29:13,273 app UNDERVOLTAGE ON SLAVE MVoltage REACHED, VOLTAGE NOW IS: -3.95
DEBUG 2017-02-10 09:29:13,397 app FOUND PYTHON PROCESS WITH ID: 747
CRITICAL 2017-02-10 09:29:14,277 app UNDERVOLTAGE ON SLAVE MVoltage REACHED, VOLTAGE NOW IS: -3.95
DEBUG 2017-02-10 09:29:14,467 app FOUND PYTHON PROCESS WITH ID: 747
CRITICAL 2017-02-10 09:29:15,274 app UNDERVOLTAGE ON SLAVE MVoltage REACHED, VOLTAGE NOW IS: -3.95
DEBUG 2017-02-10 09:29:15,401 app FOUND PYTHON PROCESS WITH ID: 747
CRITICAL 2017-02-10 09:29:16,274 app UNDERVOLTAGE ON SLAVE MVoltage REACHED, VOLTAGE NOW IS: -3.95
DEBUG 2017-02-10 09:29:16,400 app FOUND PYTHON PROCESS WITH ID: 747
CRITICAL 2017-02-10 09:29:17,275 app UNDERVOLTAGE ON SLAVE MVoltage REACHED, VOLTAGE NOW IS: -3.95
DEBUG 2017-02-10 09:29:17,395 app FOUND PYTHON PROCESS WITH ID: 747
CRITICAL 2017-02-10 09:29:18,275 app UNDERVOLTAGE ON SLAVE MVoltage REACHED, VOLTAGE NOW IS: -3.95
DEBUG 2017-02-10 09:29:18,403 app FOUND PYTHON PROCESS WITH ID: 747
CRITICAL 2017-02-10 09:29:19,278 app UNDERVOLTAGE ON SLAVE MVoltage REACHED, VOLTAGE NOW IS: -3.95
DEBUG 2017-02-10 09:29:19,437 app FOUND PYTHON PROCESS WITH ID: 747
CRITICAL 2017-02-10 09:29:20,276 app UNDERVOLTAGE ON SLAVE MVoltage REACHED, VOLTAGE NOW IS: -3.95
DEBUG 2017-02-10 09:29:20,402 app FOUND PYTHON PROCESS WITH ID: 747
CRITICAL 2017-02-10 09:29:21,276 app UNDERVOLTAGE ON SLAVE MVoltage REACHED, VOLTAGE NOW IS: -3.95
DEBUG 2017-02-10 09:29:21,403 app FOUND PYTHON PROCESS WITH ID: 747
CRITICAL 2017-02-10 09:29:22,276 app UNDERVOLTAGE ON SLAVE MVoltage REACHED, VOLTAGE NOW IS: -3.95
DEBUG 2017-02-10 09:29:22,400 app FOUND PYTHON PROCESS WITH ID: 747
CRITICAL 2017-02-10 09:29:23,276 app UNDERVOLTAGE ON SLAVE MVoltage REACHED, VOLTAGE NOW IS: -3.95
DEBUG 2017-02-10 09:29:23,399 app FOUND PYTHON PROCESS WITH ID: 747
CRITICAL 2017-02-10 09:29:24,280 app UNDERVOLTAGE ON SLAVE MVoltage REACHED, VOLTAGE NOW IS: -3.95
DEBUG 2017-02-10 09:29:24,449 app FOUND PYTHON PROCESS WITH ID: 747
CRITICAL 2017-02-10 09:29:25,278 app UNDERVOLTAGE ON SLAVE MVoltage REACHED, VOLTAGE NOW IS: -3.95
DEBUG 2017-02-10 09:29:25,410 app FOUND PYTHON PROCESS WITH ID: 21741
DEBUG 2017-02-10 09:29:25,411 app Sent SIGTERM to process ID: 21741
DEBUG 2017-02-10 09:29:25,912 app FOUND PYTHON PROCESS WITH ID: 747
CRITICAL 2017-02-10 09:29:26,278 app UNDERVOLTAGE ON SLAVE MVoltage REACHED, VOLTAGE NOW IS: -3.95
DEBUG 2017-02-10 09:29:26,411 app FOUND PYTHON PROCESS WITH ID: 747
CRITICAL 2017-02-10 09:29:27,278 app UNDERVOLTAGE ON SLAVE MVoltage REACHED, VOLTAGE NOW IS: -3.95
DEBUG 2017-02-10 09:29:27,403 app FOUND PYTHON PROCESS WITH ID: 21754
DEBUG 2017-02-10 09:29:27,404 app Sent SIGTERM to process ID: 21754
DEBUG 2017-02-10 09:29:27,906 app FOUND PYTHON PROCESS WITH ID: 747
CRITICAL 2017-02-10 09:29:28,278 app UNDERVOLTAGE ON SLAVE MVoltage REACHED, VOLTAGE NOW IS: -3.95
DEBUG 2017-02-10 09:29:28,412 app FOUND PYTHON PROCESS WITH ID: 21767
DEBUG 2017-02-10 09:29:28,413 app Sent SIGTERM to process ID: 21767
DEBUG 2017-02-10 09:29:28,915 app FOUND PYTHON PROCESS WITH ID: 747
CRITICAL 2017-02-10 09:29:29,279 app UNDERVOLTAGE ON SLAVE MVoltage REACHED, VOLTAGE NOW IS: -3.95
DEBUG 2017-02-10 09:29:29,405 app FOUND PYTHON PROCESS WITH ID: 21772
DEBUG 2017-02-10 09:29:29,406 app Sent SIGTERM to process ID: 21772
DEBUG 2017-02-10 09:29:29,907 app FOUND PYTHON PROCESS WITH ID: 747
CRITICAL 2017-02-10 09:29:30,279 app UNDERVOLTAGE ON SLAVE MVoltage REACHED, VOLTAGE NOW IS: -3.95
DEBUG 2017-02-10 09:29:30,411 app FOUND PYTHON PROCESS WITH ID: 21785
DEBUG 2017-02-10 09:29:30,412 app Sent SIGTERM to process ID: 21785
DEBUG 2017-02-10 09:29:30,913 app FOUND PYTHON PROCESS WITH ID: 747
CRITICAL 2017-02-10 09:29:31,279 app UNDERVOLTAGE ON SLAVE MVoltage REACHED, VOLTAGE NOW IS: -3.95
DEBUG 2017-02-10 09:29:31,410 app FOUND PYTHON PROCESS WITH ID: 21790
DEBUG 2017-02-10 09:29:31,411 app Sent SIGTERM to process ID: 21790
DEBUG 2017-02-10 09:29:31,913 app FOUND PYTHON PROCESS WITH ID: 747
CRITICAL 2017-02-10 09:29:32,280 app UNDERVOLTAGE ON SLAVE MVoltage REACHED, VOLTAGE NOW IS: -3.95
DEBUG 2017-02-10 09:29:32,407 app FOUND PYTHON PROCESS WITH ID: 21803
DEBUG 2017-02-10 09:29:32,408 app Sent SIGTERM to process ID: 21803
CRITICAL 2017-02-10 09:29:32,408 test EXITING TEST SCRIPT
DEBUG 2017-02-10 09:29:32,910 app FOUND PYTHON PROCESS WITH ID: 747
CRITICAL 2017-02-10 09:29:33,279 app UNDERVOLTAGE ON SLAVE MVoltage REACHED, VOLTAGE NOW IS: -3.95
DEBUG 2017-02-10 09:29:33,408 app FOUND PYTHON PROCESS WITH ID: 747
CRITICAL 2017-02-10 09:29:34,283 app UNDERVOLTAGE ON SLAVE MVoltage REACHED, VOLTAGE NOW IS: -3.95
DEBUG 2017-02-10 09:29:34,440 app FOUND PYTHON PROCESS WITH ID: 747
CRITICAL 2017-02-10 09:29:35,280 app UNDERVOLTAGE ON SLAVE MVoltage REACHED, VOLTAGE NOW IS: -3.95
DEBUG 2017-02-10 09:29:35,405 app FOUND PYTHON PROCESS WITH ID: 747
CRITICAL 2017-02-10 09:29:36,280 app UNDERVOLTAGE ON SLAVE MVoltage REACHED, VOLTAGE NOW IS: -3.95
DEBUG 2017-02-10 09:29:36,406 app FOUND PYTHON PROCESS WITH ID: 747
CRITICAL 2017-02-10 09:29:37,281 app UNDERVOLTAGE ON SLAVE MVoltage REACHED, VOLTAGE NOW IS: -3.95
DEBUG 2017-02-10 09:29:37,409 app FOUND PYTHON PROCESS WITH ID: 747
CRITICAL 2017-02-10 09:29:38,281 app UNDERVOLTAGE ON SLAVE MVoltage REACHED, VOLTAGE NOW IS: -3.95
DEBUG 2017-02-10 09:29:38,403 app FOUND PYTHON PROCESS WITH ID: 747
CRITICAL 2017-02-10 09:29:39,284 app UNDERVOLTAGE ON SLAVE MVoltage REACHED, VOLTAGE NOW IS: -3.95
DEBUG 2017-02-10 09:29:39,449 app FOUND PYTHON PROCESS WITH ID: 747
CRITICAL 2017-02-10 09:29:40,282 app UNDERVOLTAGE ON SLAVE MVoltage REACHED, VOLTAGE NOW IS: -3.95
DEBUG 2017-02-10 09:29:40,406 app FOUND PYTHON PROCESS WITH ID: 747
CRITICAL 2017-02-10 09:29:41,282 app UNDERVOLTAGE ON SLAVE MVoltage REACHED, VOLTAGE NOW IS: -3.95
DEBUG 2017-02-10 09:29:41,411 app FOUND PYTHON PROCESS WITH ID: 747
CRITICAL 2017-02-10 09:29:42,282 app UNDERVOLTAGE ON SLAVE MVoltage REACHED, VOLTAGE NOW IS: -3.95
DEBUG 2017-02-10 09:29:42,404 app FOUND PYTHON PROCESS WITH ID: 747
CRITICAL 2017-02-10 09:29:43,283 app UNDERVOLTAGE ON SLAVE MVoltage REACHED, VOLTAGE NOW IS: -3.95
DEBUG 2017-02-10 09:29:43,409 app FOUND PYTHON PROCESS WITH ID: 747
CRITICAL 2017-02-10 09:29:44,286 app UNDERVOLTAGE ON SLAVE MVoltage REACHED, VOLTAGE NOW IS: -3.95
DEBUG 2017-02-10 09:29:44,445 app FOUND PYTHON PROCESS WITH ID: 747
CRITICAL 2017-02-10 09:29:45,283 app UNDERVOLTAGE ON SLAVE MVoltage REACHED, VOLTAGE NOW IS: -3.95
DEBUG 2017-02-10 09:29:45,408 app FOUND PYTHON PROCESS WITH ID: 747
CRITICAL 2017-02-10 09:29:46,283 app UNDERVOLTAGE ON SLAVE MVoltage REACHED, VOLTAGE NOW IS: -3.95
DEBUG 2017-02-10 09:29:46,409 app FOUND PYTHON PROCESS WITH ID: 747
CRITICAL 2017-02-10 09:29:47,284 app UNDERVOLTAGE ON SLAVE MVoltage REACHED, VOLTAGE NOW IS: -3.95
DEBUG 2017-02-10 09:29:47,409 app FOUND PYTHON PROCESS WITH ID: 747
CRITICAL 2017-02-10 09:29:48,284 app UNDERVOLTAGE ON SLAVE MVoltage REACHED, VOLTAGE NOW IS: -3.95
DEBUG 2017-02-10 09:29:48,408 app FOUND PYTHON PROCESS WITH ID: 747
CRITICAL 2017-02-10 09:29:49,288 app UNDERVOLTAGE ON SLAVE MVoltage REACHED, VOLTAGE NOW IS: -3.95
DEBUG 2017-02-10 09:29:49,446 app FOUND PYTHON PROCESS WITH ID: 747
CRITICAL 2017-02-10 09:29:50,285 app UNDERVOLTAGE ON SLAVE MVoltage REACHED, VOLTAGE NOW IS: -3.95
DEBUG 2017-02-10 09:29:50,412 app FOUND PYTHON PROCESS WITH ID: 747
CRITICAL 2017-02-10 09:29:51,285 app UNDERVOLTAGE ON SLAVE MVoltage REACHED, VOLTAGE NOW IS: -3.95
DEBUG 2017-02-10 09:29:51,412 app FOUND PYTHON PROCESS WITH ID: 747
CRITICAL 2017-02-10 09:29:52,285 app UNDERVOLTAGE ON SLAVE MVoltage REACHED, VOLTAGE NOW IS: -3.95
DEBUG 2017-02-10 09:29:52,411 app FOUND PYTHON PROCESS WITH ID: 747
CRITICAL 2017-02-10 09:29:52,512 app EXITING SYSTEM
DEBUG 2017-02-10 09:29:54,064 app FOUND PYTHON PROCESS WITH ID: 747 IN SIGNAL HANDLER OF APP.PY
DEBUG 2017-02-10 09:29:54,066 app Content of process.cmdline(): ['python', 'app.py']
CRITICAL 2017-02-10 09:29:55,809 logging2db EXITING LOGGING2DB
DEBUG 2017-02-10 09:30:10,448 test Exception occured
DEBUG 2017-02-10 09:30:19,570 test Exception occured
CRITICAL 2017-02-10 09:32:24,339 app UNDERVOLTAGE ON SLAVE MVoltage REACHED, VOLTAGE NOW IS: -3.96
DEBUG 2017-02-10 09:32:24,521 app FOUND PYTHON PROCESS WITH ID: 22097
DEBUG 2017-02-10 09:32:24,522 app FOUND PYTHON PROCESS WITH ID: 22012
DEBUG 2017-02-10 09:32:24,523 app FOUND PYTHON PROCESS WITH ID: 22007
CRITICAL 2017-02-10 09:32:25,336 app UNDERVOLTAGE ON SLAVE MVoltage REACHED, VOLTAGE NOW IS: -3.96
DEBUG 2017-02-10 09:32:25,461 app FOUND PYTHON PROCESS WITH ID: 22097
DEBUG 2017-02-10 09:32:25,462 app FOUND PYTHON PROCESS WITH ID: 22012
DEBUG 2017-02-10 09:32:25,463 app FOUND PYTHON PROCESS WITH ID: 22007
CRITICAL 2017-02-10 09:32:26,336 app UNDERVOLTAGE ON SLAVE MVoltage REACHED, VOLTAGE NOW IS: -3.96
DEBUG 2017-02-10 09:32:26,462 app FOUND PYTHON PROCESS WITH ID: 22097
DEBUG 2017-02-10 09:32:26,463 app FOUND PYTHON PROCESS WITH ID: 22012
DEBUG 2017-02-10 09:32:26,464 app FOUND PYTHON PROCESS WITH ID: 22007
CRITICAL 2017-02-10 09:32:27,336 app UNDERVOLTAGE ON SLAVE MVoltage REACHED, VOLTAGE NOW IS: -3.96
DEBUG 2017-02-10 09:32:27,471 app FOUND PYTHON PROCESS WITH ID: 22097
DEBUG 2017-02-10 09:32:27,472 app FOUND PYTHON PROCESS WITH ID: 22012
DEBUG 2017-02-10 09:32:27,473 app FOUND PYTHON PROCESS WITH ID: 22007
CRITICAL 2017-02-10 09:32:28,337 app UNDERVOLTAGE ON SLAVE MVoltage REACHED, VOLTAGE NOW IS: -3.96
DEBUG 2017-02-10 09:32:28,467 app FOUND PYTHON PROCESS WITH ID: 22097
DEBUG 2017-02-10 09:32:28,468 app FOUND PYTHON PROCESS WITH ID: 22012
DEBUG 2017-02-10 09:32:28,469 app FOUND PYTHON PROCESS WITH ID: 22007
CRITICAL 2017-02-10 09:32:29,340 app UNDERVOLTAGE ON SLAVE MVoltage REACHED, VOLTAGE NOW IS: -3.96
DEBUG 2017-02-10 09:32:29,517 app FOUND PYTHON PROCESS WITH ID: 22097
DEBUG 2017-02-10 09:32:29,518 app FOUND PYTHON PROCESS WITH ID: 22012
DEBUG 2017-02-10 09:32:29,519 app FOUND PYTHON PROCESS WITH ID: 22007
CRITICAL 2017-02-10 09:32:30,338 app UNDERVOLTAGE ON SLAVE MVoltage REACHED, VOLTAGE NOW IS: -3.96
DEBUG 2017-02-10 09:32:30,466 app FOUND PYTHON PROCESS WITH ID: 22097
DEBUG 2017-02-10 09:32:30,467 app FOUND PYTHON PROCESS WITH ID: 22012
DEBUG 2017-02-10 09:32:30,468 app FOUND PYTHON PROCESS WITH ID: 22007
CRITICAL 2017-02-10 09:32:31,338 app UNDERVOLTAGE ON SLAVE MVoltage REACHED, VOLTAGE NOW IS: -3.96
DEBUG 2017-02-10 09:32:31,463 app FOUND PYTHON PROCESS WITH ID: 22097
DEBUG 2017-02-10 09:32:31,464 app FOUND PYTHON PROCESS WITH ID: 22012
DEBUG 2017-02-10 09:32:31,465 app FOUND PYTHON PROCESS WITH ID: 22007
CRITICAL 2017-02-10 09:32:32,338 app UNDERVOLTAGE ON SLAVE MVoltage REACHED, VOLTAGE NOW IS: -3.96
DEBUG 2017-02-10 09:32:32,463 app FOUND PYTHON PROCESS WITH ID: 22097
DEBUG 2017-02-10 09:32:32,464 app FOUND PYTHON PROCESS WITH ID: 22012
DEBUG 2017-02-10 09:32:32,465 app FOUND PYTHON PROCESS WITH ID: 22007
CRITICAL 2017-02-10 09:32:33,338 app UNDERVOLTAGE ON SLAVE MVoltage REACHED, VOLTAGE NOW IS: -3.96
DEBUG 2017-02-10 09:32:33,464 app FOUND PYTHON PROCESS WITH ID: 22097
DEBUG 2017-02-10 09:32:33,465 app FOUND PYTHON PROCESS WITH ID: 22012
DEBUG 2017-02-10 09:32:33,466 app FOUND PYTHON PROCESS WITH ID: 22007
CRITICAL 2017-02-10 09:32:34,342 app UNDERVOLTAGE ON SLAVE MVoltage REACHED, VOLTAGE NOW IS: -3.96
DEBUG 2017-02-10 09:32:34,474 app FOUND PYTHON PROCESS WITH ID: 22097
DEBUG 2017-02-10 09:32:34,475 app FOUND PYTHON PROCESS WITH ID: 22012
DEBUG 2017-02-10 09:32:34,476 app FOUND PYTHON PROCESS WITH ID: 22007
CRITICAL 2017-02-10 09:32:35,339 app UNDERVOLTAGE ON SLAVE MVoltage REACHED, VOLTAGE NOW IS: -3.96
DEBUG 2017-02-10 09:32:35,462 app FOUND PYTHON PROCESS WITH ID: 22097
DEBUG 2017-02-10 09:32:35,463 app FOUND PYTHON PROCESS WITH ID: 22012
DEBUG 2017-02-10 09:32:35,464 app FOUND PYTHON PROCESS WITH ID: 22007
CRITICAL 2017-02-10 09:32:36,339 app UNDERVOLTAGE ON SLAVE MVoltage REACHED, VOLTAGE NOW IS: -3.96
DEBUG 2017-02-10 09:32:36,462 app FOUND PYTHON PROCESS WITH ID: 22097
DEBUG 2017-02-10 09:32:36,463 app FOUND PYTHON PROCESS WITH ID: 22012
DEBUG 2017-02-10 09:32:36,464 app FOUND PYTHON PROCESS WITH ID: 22007
CRITICAL 2017-02-10 09:32:37,340 app UNDERVOLTAGE ON SLAVE MVoltage REACHED, VOLTAGE NOW IS: -3.96
DEBUG 2017-02-10 09:32:37,466 app FOUND PYTHON PROCESS WITH ID: 22097
DEBUG 2017-02-10 09:32:37,467 app FOUND PYTHON PROCESS WITH ID: 22012
DEBUG 2017-02-10 09:32:37,468 app FOUND PYTHON PROCESS WITH ID: 22007
CRITICAL 2017-02-10 09:32:38,340 app UNDERVOLTAGE ON SLAVE MVoltage REACHED, VOLTAGE NOW IS: -3.96
DEBUG 2017-02-10 09:32:38,465 app FOUND PYTHON PROCESS WITH ID: 22097
DEBUG 2017-02-10 09:32:38,466 app FOUND PYTHON PROCESS WITH ID: 22012
DEBUG 2017-02-10 09:32:38,467 app FOUND PYTHON PROCESS WITH ID: 22007
CRITICAL 2017-02-10 09:32:39,343 app UNDERVOLTAGE ON SLAVE MVoltage REACHED, VOLTAGE NOW IS: -3.96
DEBUG 2017-02-10 09:32:39,513 app FOUND PYTHON PROCESS WITH ID: 22097
DEBUG 2017-02-10 09:32:39,514 app FOUND PYTHON PROCESS WITH ID: 22012
DEBUG 2017-02-10 09:32:39,515 app FOUND PYTHON PROCESS WITH ID: 22007
CRITICAL 2017-02-10 09:32:40,340 app UNDERVOLTAGE ON SLAVE MVoltage REACHED, VOLTAGE NOW IS: -3.96
DEBUG 2017-02-10 09:32:40,468 app FOUND PYTHON PROCESS WITH ID: 22097
DEBUG 2017-02-10 09:32:40,469 app FOUND PYTHON PROCESS WITH ID: 22012
DEBUG 2017-02-10 09:32:40,470 app FOUND PYTHON PROCESS WITH ID: 22007
CRITICAL 2017-02-10 09:32:41,341 app UNDERVOLTAGE ON SLAVE MVoltage REACHED, VOLTAGE NOW IS: -3.96
DEBUG 2017-02-10 09:32:41,470 app FOUND PYTHON PROCESS WITH ID: 22097
DEBUG 2017-02-10 09:32:41,471 app FOUND PYTHON PROCESS WITH ID: 22012
DEBUG 2017-02-10 09:32:41,472 app FOUND PYTHON PROCESS WITH ID: 22007
CRITICAL 2017-02-10 09:32:42,341 app UNDERVOLTAGE ON SLAVE MVoltage REACHED, VOLTAGE NOW IS: -3.96
DEBUG 2017-02-10 09:32:42,471 app FOUND PYTHON PROCESS WITH ID: 22097
DEBUG 2017-02-10 09:32:42,472 app FOUND PYTHON PROCESS WITH ID: 22012
DEBUG 2017-02-10 09:32:42,473 app FOUND PYTHON PROCESS WITH ID: 22007
CRITICAL 2017-02-10 09:32:43,341 app UNDERVOLTAGE ON SLAVE MVoltage REACHED, VOLTAGE NOW IS: -3.96
DEBUG 2017-02-10 09:32:43,466 app FOUND PYTHON PROCESS WITH ID: 22097
DEBUG 2017-02-10 09:32:43,467 app FOUND PYTHON PROCESS WITH ID: 22012
DEBUG 2017-02-10 09:32:43,468 app FOUND PYTHON PROCESS WITH ID: 22007
CRITICAL 2017-02-10 09:32:44,346 app UNDERVOLTAGE ON SLAVE MVoltage REACHED, VOLTAGE NOW IS: -3.96
DEBUG 2017-02-10 09:32:44,514 app FOUND PYTHON PROCESS WITH ID: 22097
DEBUG 2017-02-10 09:32:44,515 app FOUND PYTHON PROCESS WITH ID: 22012
DEBUG 2017-02-10 09:32:44,516 app FOUND PYTHON PROCESS WITH ID: 22007
CRITICAL 2017-02-10 09:32:45,343 app UNDERVOLTAGE ON SLAVE MVoltage REACHED, VOLTAGE NOW IS: -3.96
DEBUG 2017-02-10 09:32:45,467 app FOUND PYTHON PROCESS WITH ID: 22097
DEBUG 2017-02-10 09:32:45,469 app FOUND PYTHON PROCESS WITH ID: 22012
DEBUG 2017-02-10 09:32:45,470 app FOUND PYTHON PROCESS WITH ID: 22007
CRITICAL 2017-02-10 09:32:46,343 app UNDERVOLTAGE ON SLAVE MVoltage REACHED, VOLTAGE NOW IS: -3.96
DEBUG 2017-02-10 09:32:46,467 app FOUND PYTHON PROCESS WITH ID: 22097
DEBUG 2017-02-10 09:32:46,468 app FOUND PYTHON PROCESS WITH ID: 22012
DEBUG 2017-02-10 09:32:46,469 app FOUND PYTHON PROCESS WITH ID: 22007
CRITICAL 2017-02-10 09:32:47,344 app UNDERVOLTAGE ON SLAVE MVoltage REACHED, VOLTAGE NOW IS: -3.96
DEBUG 2017-02-10 09:32:47,474 app FOUND PYTHON PROCESS WITH ID: 22097
DEBUG 2017-02-10 09:32:47,475 app FOUND PYTHON PROCESS WITH ID: 22012
DEBUG 2017-02-10 09:32:47,476 app FOUND PYTHON PROCESS WITH ID: 22007
CRITICAL 2017-02-10 09:32:48,344 app UNDERVOLTAGE ON SLAVE MVoltage REACHED, VOLTAGE NOW IS: -3.96
DEBUG 2017-02-10 09:32:48,472 app FOUND PYTHON PROCESS WITH ID: 22097
DEBUG 2017-02-10 09:32:48,473 app FOUND PYTHON PROCESS WITH ID: 22012
DEBUG 2017-02-10 09:32:48,474 app FOUND PYTHON PROCESS WITH ID: 22007
CRITICAL 2017-02-10 09:32:49,348 app UNDERVOLTAGE ON SLAVE MVoltage REACHED, VOLTAGE NOW IS: -3.96
DEBUG 2017-02-10 09:32:49,515 app FOUND PYTHON PROCESS WITH ID: 22097
DEBUG 2017-02-10 09:32:49,516 app FOUND PYTHON PROCESS WITH ID: 22012
DEBUG 2017-02-10 09:32:49,517 app FOUND PYTHON PROCESS WITH ID: 22007
CRITICAL 2017-02-10 09:32:49,654 app EXITING SYSTEM
CRITICAL 2017-02-10 09:32:49,658 logging2db EXITING LOGGING2DB
DEBUG 2017-02-10 09:32:51,191 app FOUND PYTHON PROCESS WITH ID: 22097 IN SIGNAL HANDLER OF APP.PY
DEBUG 2017-02-10 09:32:51,193 app Content of process.cmdline(): ['python', 'app.py']
DEBUG 2017-02-10 09:32:51,194 app FOUND PYTHON PROCESS WITH ID: 22012 IN SIGNAL HANDLER OF APP.PY
DEBUG 2017-02-10 09:32:51,195 app Content of process.cmdline(): ['/usr/bin/python', '-c', 'from IPython.kernel.zmq.kernelapp import main; main()', '-f', '/home/pi/.ipython/profile_default/security/kernel-22007.json', "--IPKernelApp.parent_appname='ipython-console'", '--parent=1']
DEBUG 2017-02-10 09:32:51,197 app FOUND PYTHON PROCESS WITH ID: 22007 IN SIGNAL HANDLER OF APP.PY
DEBUG 2017-02-10 09:32:51,198 app Content of process.cmdline(): ['/usr/bin/python', '/usr/bin/ipython', 'console']
CRITICAL 2017-02-10 09:33:17,371 app UNDERVOLTAGE ON SLAVE MVoltage REACHED, VOLTAGE NOW IS: -3.97
DEBUG 2017-02-10 09:33:17,510 app FOUND PYTHON PROCESS WITH ID: 22309
DEBUG 2017-02-10 09:33:17,512 app FOUND PYTHON PROCESS WITH ID: 22012
DEBUG 2017-02-10 09:33:17,513 app FOUND PYTHON PROCESS WITH ID: 22007
CRITICAL 2017-02-10 09:33:18,387 app UNDERVOLTAGE ON SLAVE MVoltage REACHED, VOLTAGE NOW IS: -3.97
DEBUG 2017-02-10 09:33:18,516 app FOUND PYTHON PROCESS WITH ID: 22309
DEBUG 2017-02-10 09:33:18,517 app FOUND PYTHON PROCESS WITH ID: 22012
DEBUG 2017-02-10 09:33:18,518 app FOUND PYTHON PROCESS WITH ID: 22007
CRITICAL 2017-02-10 09:33:19,357 app UNDERVOLTAGE ON SLAVE MVoltage REACHED, VOLTAGE NOW IS: -3.97
DEBUG 2017-02-10 09:33:19,489 app FOUND PYTHON PROCESS WITH ID: 22309
DEBUG 2017-02-10 09:33:19,490 app FOUND PYTHON PROCESS WITH ID: 22012
DEBUG 2017-02-10 09:33:19,491 app FOUND PYTHON PROCESS WITH ID: 22007
CRITICAL 2017-02-10 09:33:20,395 app UNDERVOLTAGE ON SLAVE MVoltage REACHED, VOLTAGE NOW IS: -3.99
DEBUG 2017-02-10 09:33:20,521 app FOUND PYTHON PROCESS WITH ID: 22309
DEBUG 2017-02-10 09:33:20,522 app FOUND PYTHON PROCESS WITH ID: 22012
DEBUG 2017-02-10 09:33:20,523 app FOUND PYTHON PROCESS WITH ID: 22007
CRITICAL 2017-02-10 09:33:21,389 app UNDERVOLTAGE ON SLAVE MVoltage REACHED, VOLTAGE NOW IS: -4.01
DEBUG 2017-02-10 09:33:21,511 app FOUND PYTHON PROCESS WITH ID: 22309
DEBUG 2017-02-10 09:33:21,512 app FOUND PYTHON PROCESS WITH ID: 22012
DEBUG 2017-02-10 09:33:21,513 app FOUND PYTHON PROCESS WITH ID: 22007
CRITICAL 2017-02-10 09:33:22,411 app UNDERVOLTAGE ON SLAVE MVoltage REACHED, VOLTAGE NOW IS: -4.02
DEBUG 2017-02-10 09:33:22,537 app FOUND PYTHON PROCESS WITH ID: 22309
DEBUG 2017-02-10 09:33:22,538 app FOUND PYTHON PROCESS WITH ID: 22012
DEBUG 2017-02-10 09:33:22,539 app FOUND PYTHON PROCESS WITH ID: 22007
CRITICAL 2017-02-10 09:33:23,388 app UNDERVOLTAGE ON SLAVE MVoltage REACHED, VOLTAGE NOW IS: -4.04
DEBUG 2017-02-10 09:33:23,518 app FOUND PYTHON PROCESS WITH ID: 22309
DEBUG 2017-02-10 09:33:23,519 app FOUND PYTHON PROCESS WITH ID: 22012
DEBUG 2017-02-10 09:33:23,520 app FOUND PYTHON PROCESS WITH ID: 22007
CRITICAL 2017-02-10 09:33:24,358 app UNDERVOLTAGE ON SLAVE MVoltage REACHED, VOLTAGE NOW IS: -4.04
DEBUG 2017-02-10 09:33:24,522 app FOUND PYTHON PROCESS WITH ID: 22309
DEBUG 2017-02-10 09:33:24,523 app FOUND PYTHON PROCESS WITH ID: 22012
DEBUG 2017-02-10 09:33:24,524 app FOUND PYTHON PROCESS WITH ID: 22007
CRITICAL 2017-02-10 09:33:25,389 app UNDERVOLTAGE ON SLAVE MVoltage REACHED, VOLTAGE NOW IS: -4.07
DEBUG 2017-02-10 09:33:25,510 app FOUND PYTHON PROCESS WITH ID: 22309
DEBUG 2017-02-10 09:33:25,511 app FOUND PYTHON PROCESS WITH ID: 22012
DEBUG 2017-02-10 09:33:25,512 app FOUND PYTHON PROCESS WITH ID: 22007
CRITICAL 2017-02-10 09:33:26,359 app UNDERVOLTAGE ON SLAVE MVoltage REACHED, VOLTAGE NOW IS: -4.07
DEBUG 2017-02-10 09:33:26,502 app FOUND PYTHON PROCESS WITH ID: 22309
DEBUG 2017-02-10 09:33:26,503 app FOUND PYTHON PROCESS WITH ID: 22012
DEBUG 2017-02-10 09:33:26,504 app FOUND PYTHON PROCESS WITH ID: 22007
CRITICAL 2017-02-10 09:33:27,398 app UNDERVOLTAGE ON SLAVE MVoltage REACHED, VOLTAGE NOW IS: -4.09
DEBUG 2017-02-10 09:33:27,525 app FOUND PYTHON PROCESS WITH ID: 22309
DEBUG 2017-02-10 09:33:27,526 app FOUND PYTHON PROCESS WITH ID: 22012
DEBUG 2017-02-10 09:33:27,527 app FOUND PYTHON PROCESS WITH ID: 22007
CRITICAL 2017-02-10 09:33:28,362 app UNDERVOLTAGE ON SLAVE MVoltage REACHED, VOLTAGE NOW IS: -4.09
DEBUG 2017-02-10 09:33:28,503 app FOUND PYTHON PROCESS WITH ID: 22309
DEBUG 2017-02-10 09:33:28,504 app FOUND PYTHON PROCESS WITH ID: 22012
DEBUG 2017-02-10 09:33:28,506 app FOUND PYTHON PROCESS WITH ID: 22007
CRITICAL 2017-02-10 09:33:29,360 app OVERVOLTAGE ON SLAVE MVoltage REACHED, VOLTAGE NOW IS: 4.09
DEBUG 2017-02-10 09:33:29,522 app FOUND PYTHON PROCESS WITH ID: 22309
DEBUG 2017-02-10 09:33:29,523 app FOUND PYTHON PROCESS WITH ID: 22012
DEBUG 2017-02-10 09:33:29,524 app FOUND PYTHON PROCESS WITH ID: 22007
CRITICAL 2017-02-10 09:33:30,359 app OVERVOLTAGE ON SLAVE MVoltage REACHED, VOLTAGE NOW IS: 4.07
DEBUG 2017-02-10 09:33:30,517 app FOUND PYTHON PROCESS WITH ID: 22309
DEBUG 2017-02-10 09:33:30,518 app FOUND PYTHON PROCESS WITH ID: 22012
DEBUG 2017-02-10 09:33:30,519 app FOUND PYTHON PROCESS WITH ID: 22007
CRITICAL 2017-02-10 09:33:31,411 app OVERVOLTAGE ON SLAVE MVoltage REACHED, VOLTAGE NOW IS: 4.05
DEBUG 2017-02-10 09:33:31,539 app FOUND PYTHON PROCESS WITH ID: 22309
DEBUG 2017-02-10 09:33:31,541 app FOUND PYTHON PROCESS WITH ID: 22012
DEBUG 2017-02-10 09:33:31,542 app FOUND PYTHON PROCESS WITH ID: 22007
CRITICAL 2017-02-10 09:33:32,360 app OVERVOLTAGE ON SLAVE MVoltage REACHED, VOLTAGE NOW IS: 4.05
DEBUG 2017-02-10 09:33:32,490 app FOUND PYTHON PROCESS WITH ID: 22309
DEBUG 2017-02-10 09:33:32,492 app FOUND PYTHON PROCESS WITH ID: 22012
DEBUG 2017-02-10 09:33:32,494 app FOUND PYTHON PROCESS WITH ID: 22007
CRITICAL 2017-02-10 09:33:33,412 app OVERVOLTAGE ON SLAVE MVoltage REACHED, VOLTAGE NOW IS: 4.03
DEBUG 2017-02-10 09:33:33,551 app FOUND PYTHON PROCESS WITH ID: 22309
DEBUG 2017-02-10 09:33:33,552 app FOUND PYTHON PROCESS WITH ID: 22012
DEBUG 2017-02-10 09:33:33,553 app FOUND PYTHON PROCESS WITH ID: 22007
CRITICAL 2017-02-10 09:33:34,361 app OVERVOLTAGE ON SLAVE MVoltage REACHED, VOLTAGE NOW IS: 4.03
DEBUG 2017-02-10 09:33:34,520 app FOUND PYTHON PROCESS WITH ID: 22309
DEBUG 2017-02-10 09:33:34,521 app FOUND PYTHON PROCESS WITH ID: 22012
DEBUG 2017-02-10 09:33:34,522 app FOUND PYTHON PROCESS WITH ID: 22007
CRITICAL 2017-02-10 09:33:35,359 app OVERVOLTAGE ON SLAVE MVoltage REACHED, VOLTAGE NOW IS: 4.01
DEBUG 2017-02-10 09:33:35,486 app FOUND PYTHON PROCESS WITH ID: 22309
DEBUG 2017-02-10 09:33:35,487 app FOUND PYTHON PROCESS WITH ID: 22012
DEBUG 2017-02-10 09:33:35,488 app FOUND PYTHON PROCESS WITH ID: 22007
CRITICAL 2017-02-10 09:33:36,359 app OVERVOLTAGE ON SLAVE MVoltage REACHED, VOLTAGE NOW IS: 4.00
DEBUG 2017-02-10 09:33:36,731 app FOUND PYTHON PROCESS WITH ID: 22309
DEBUG 2017-02-10 09:33:36,732 app FOUND PYTHON PROCESS WITH ID: 22012
DEBUG 2017-02-10 09:33:36,733 app FOUND PYTHON PROCESS WITH ID: 22007
CRITICAL 2017-02-10 09:43:40,085 app EXITING SYSTEM
DEBUG 2017-02-10 09:43:41,662 app FOUND PYTHON PROCESS WITH ID: 22309 IN SIGNAL HANDLER OF APP.PY
DEBUG 2017-02-10 09:43:41,663 app Content of process.cmdline(): ['python', 'app.py']
DEBUG 2017-02-10 09:43:41,664 app FOUND PYTHON PROCESS WITH ID: 22012 IN SIGNAL HANDLER OF APP.PY
DEBUG 2017-02-10 09:43:41,665 app Content of process.cmdline(): ['/usr/bin/python', '-c', 'from IPython.kernel.zmq.kernelapp import main; main()', '-f', '/home/pi/.ipython/profile_default/security/kernel-22007.json', "--IPKernelApp.parent_appname='ipython-console'", '--parent=1']
DEBUG 2017-02-10 09:43:41,666 app FOUND PYTHON PROCESS WITH ID: 22007 IN SIGNAL HANDLER OF APP.PY
DEBUG 2017-02-10 09:43:41,667 app Content of process.cmdline(): ['/usr/bin/python', '/usr/bin/ipython', 'console']
CRITICAL 2017-02-10 09:43:45,488 logging2db EXITING LOGGING2DB
DEBUG 2017-02-10 09:53:00,886 logging2db only got 3 values from tempsensors
DEBUG 2017-02-10 10:12:25,416 logging2db only got 3 values from tempsensors
DEBUG 2017-02-10 11:05:18,365 logging2db only got 3 values from tempsensors
DEBUG 2017-02-10 11:15:20,482 logging2db only got 3 values from tempsensors
DEBUG 2017-02-10 11:24:17,778 logging2db only got 3 values from tempsensors
